ARM GAS  /tmp/cc5eZ1kY.s 			page 1


   1              		.cpu cortex-m3
   2              		.eabi_attribute 20, 1
   3              		.eabi_attribute 21, 1
   4              		.eabi_attribute 23, 3
   5              		.eabi_attribute 24, 1
   6              		.eabi_attribute 25, 1
   7              		.eabi_attribute 26, 1
   8              		.eabi_attribute 30, 2
   9              		.eabi_attribute 34, 1
  10              		.eabi_attribute 18, 4
  11              		.file	"adc.c"
  12              		.text
  13              	.Ltext0:
  14              		.cfi_sections	.debug_frame
  15              		.section	.text.MX_ADC1_Init,"ax",%progbits
  16              		.align	1
  17              		.p2align 2,,3
  18              		.global	MX_ADC1_Init
  19              		.syntax unified
  20              		.thumb
  21              		.thumb_func
  22              		.fpu softvfp
  24              	MX_ADC1_Init:
  25              	.LFB64:
  26              		.file 1 "src/HAL/adc.c"
   1:src/HAL/adc.c **** /**
   2:src/HAL/adc.c ****   ******************************************************************************
   3:src/HAL/adc.c ****   * File Name          : ADC.c
   4:src/HAL/adc.c ****   * Description        : This file provides code for the configuration
   5:src/HAL/adc.c ****   *                      of the ADC instances.
   6:src/HAL/adc.c ****   ******************************************************************************
   7:src/HAL/adc.c ****   ** This notice applies to any and all portions of this file
   8:src/HAL/adc.c ****   * that are not between comment pairs USER CODE BEGIN and
   9:src/HAL/adc.c ****   * USER CODE END. Other portions of this file, whether 
  10:src/HAL/adc.c ****   * inserted by the user or by software development tools
  11:src/HAL/adc.c ****   * are owned by their respective copyright owners.
  12:src/HAL/adc.c ****   *
  13:src/HAL/adc.c ****   * COPYRIGHT(c) 2018 STMicroelectronics
  14:src/HAL/adc.c ****   *
  15:src/HAL/adc.c ****   * Redistribution and use in source and binary forms, with or without modification,
  16:src/HAL/adc.c ****   * are permitted provided that the following conditions are met:
  17:src/HAL/adc.c ****   *   1. Redistributions of source code must retain the above copyright notice,
  18:src/HAL/adc.c ****   *      this list of conditions and the following disclaimer.
  19:src/HAL/adc.c ****   *   2. Redistributions in binary form must reproduce the above copyright notice,
  20:src/HAL/adc.c ****   *      this list of conditions and the following disclaimer in the documentation
  21:src/HAL/adc.c ****   *      and/or other materials provided with the distribution.
  22:src/HAL/adc.c ****   *   3. Neither the name of STMicroelectronics nor the names of its contributors
  23:src/HAL/adc.c ****   *      may be used to endorse or promote products derived from this software
  24:src/HAL/adc.c ****   *      without specific prior written permission.
  25:src/HAL/adc.c ****   *
  26:src/HAL/adc.c ****   * THIS SOFTWARE IS PROVIDED BY THE COPYRIGHT HOLDERS AND CONTRIBUTORS "AS IS"
  27:src/HAL/adc.c ****   * AND ANY EXPRESS OR IMPLIED WARRANTIES, INCLUDING, BUT NOT LIMITED TO, THE
  28:src/HAL/adc.c ****   * IMPLIED WARRANTIES OF MERCHANTABILITY AND FITNESS FOR A PARTICULAR PURPOSE ARE
  29:src/HAL/adc.c ****   * DISCLAIMED. IN NO EVENT SHALL THE COPYRIGHT HOLDER OR CONTRIBUTORS BE LIABLE
  30:src/HAL/adc.c ****   * FOR ANY DIRECT, INDIRECT, INCIDENTAL, SPECIAL, EXEMPLARY, OR CONSEQUENTIAL
  31:src/HAL/adc.c ****   * DAMAGES (INCLUDING, BUT NOT LIMITED TO, PROCUREMENT OF SUBSTITUTE GOODS OR
  32:src/HAL/adc.c ****   * SERVICES; LOSS OF USE, DATA, OR PROFITS; OR BUSINESS INTERRUPTION) HOWEVER
ARM GAS  /tmp/cc5eZ1kY.s 			page 2


  33:src/HAL/adc.c ****   * CAUSED AND ON ANY THEORY OF LIABILITY, WHETHER IN CONTRACT, STRICT LIABILITY,
  34:src/HAL/adc.c ****   * OR TORT (INCLUDING NEGLIGENCE OR OTHERWISE) ARISING IN ANY WAY OUT OF THE USE
  35:src/HAL/adc.c ****   * OF THIS SOFTWARE, EVEN IF ADVISED OF THE POSSIBILITY OF SUCH DAMAGE.
  36:src/HAL/adc.c ****   *
  37:src/HAL/adc.c ****   ******************************************************************************
  38:src/HAL/adc.c ****   */
  39:src/HAL/adc.c **** 
  40:src/HAL/adc.c **** /* Includes ------------------------------------------------------------------*/
  41:src/HAL/adc.c **** #include "adc.h"
  42:src/HAL/adc.c **** 
  43:src/HAL/adc.c **** #include "gpio.h"
  44:src/HAL/adc.c **** #include "dma.h"
  45:src/HAL/adc.c **** 
  46:src/HAL/adc.c **** /* USER CODE BEGIN 0 */
  47:src/HAL/adc.c **** 
  48:src/HAL/adc.c **** /* USER CODE END 0 */
  49:src/HAL/adc.c **** 
  50:src/HAL/adc.c **** ADC_HandleTypeDef hadc1;
  51:src/HAL/adc.c **** DMA_HandleTypeDef hdma_adc1;
  52:src/HAL/adc.c **** 
  53:src/HAL/adc.c **** /* ADC1 init function */
  54:src/HAL/adc.c **** void MX_ADC1_Init(void)
  55:src/HAL/adc.c **** {
  27              		.loc 1 55 0
  28              		.cfi_startproc
  29              		@ args = 0, pretend = 0, frame = 16
  30              		@ frame_needed = 0, uses_anonymous_args = 0
  31 0000 30B5     		push	{r4, r5, lr}
  32              		.cfi_def_cfa_offset 12
  33              		.cfi_offset 4, -12
  34              		.cfi_offset 5, -8
  35              		.cfi_offset 14, -4
  56:src/HAL/adc.c ****   ADC_ChannelConfTypeDef sConfig;
  57:src/HAL/adc.c **** 
  58:src/HAL/adc.c ****     /**Common config 
  59:src/HAL/adc.c ****     */
  60:src/HAL/adc.c ****   hadc1.Instance = ADC1;
  61:src/HAL/adc.c ****   hadc1.Init.ScanConvMode = ADC_SCAN_DISABLE;
  36              		.loc 1 61 0
  37 0002 0022     		movs	r2, #0
  62:src/HAL/adc.c ****   hadc1.Init.ContinuousConvMode = ENABLE;
  38              		.loc 1 62 0
  39 0004 0121     		movs	r1, #1
  63:src/HAL/adc.c ****   hadc1.Init.DiscontinuousConvMode = DISABLE;
  64:src/HAL/adc.c ****   hadc1.Init.ExternalTrigConv = ADC_SOFTWARE_START;
  40              		.loc 1 64 0
  41 0006 4FF46024 		mov	r4, #917504
  60:src/HAL/adc.c ****   hadc1.Init.ScanConvMode = ADC_SCAN_DISABLE;
  42              		.loc 1 60 0
  43 000a 114B     		ldr	r3, .L13
  44 000c 114D     		ldr	r5, .L13+4
  55:src/HAL/adc.c ****   ADC_ChannelConfTypeDef sConfig;
  45              		.loc 1 55 0
  46 000e 85B0     		sub	sp, sp, #20
  47              		.cfi_def_cfa_offset 32
  65:src/HAL/adc.c ****   hadc1.Init.DataAlign = ADC_DATAALIGN_RIGHT;
  66:src/HAL/adc.c ****   hadc1.Init.NbrOfConversion = 1;
ARM GAS  /tmp/cc5eZ1kY.s 			page 3


  67:src/HAL/adc.c ****   if (HAL_ADC_Init(&hadc1) != HAL_OK)
  48              		.loc 1 67 0
  49 0010 1846     		mov	r0, r3
  61:src/HAL/adc.c ****   hadc1.Init.ContinuousConvMode = ENABLE;
  50              		.loc 1 61 0
  51 0012 9A60     		str	r2, [r3, #8]
  63:src/HAL/adc.c ****   hadc1.Init.ExternalTrigConv = ADC_SOFTWARE_START;
  52              		.loc 1 63 0
  53 0014 5A61     		str	r2, [r3, #20]
  65:src/HAL/adc.c ****   hadc1.Init.DataAlign = ADC_DATAALIGN_RIGHT;
  54              		.loc 1 65 0
  55 0016 5A60     		str	r2, [r3, #4]
  60:src/HAL/adc.c ****   hadc1.Init.ScanConvMode = ADC_SCAN_DISABLE;
  56              		.loc 1 60 0
  57 0018 1D60     		str	r5, [r3]
  64:src/HAL/adc.c ****   hadc1.Init.DataAlign = ADC_DATAALIGN_RIGHT;
  58              		.loc 1 64 0
  59 001a DC61     		str	r4, [r3, #28]
  62:src/HAL/adc.c ****   hadc1.Init.DiscontinuousConvMode = DISABLE;
  60              		.loc 1 62 0
  61 001c D960     		str	r1, [r3, #12]
  66:src/HAL/adc.c ****   if (HAL_ADC_Init(&hadc1) != HAL_OK)
  62              		.loc 1 66 0
  63 001e 1961     		str	r1, [r3, #16]
  64              		.loc 1 67 0
  65 0020 FFF7FEFF 		bl	HAL_ADC_Init
  66              	.LVL0:
  67 0024 78B9     		cbnz	r0, .L12
  68              	.L2:
  68:src/HAL/adc.c ****   {
  69:src/HAL/adc.c ****     _Error_Handler(__FILE__, __LINE__);
  70:src/HAL/adc.c ****   }
  71:src/HAL/adc.c **** 
  72:src/HAL/adc.c ****     /**Configure Regular Channel 
  73:src/HAL/adc.c ****     */
  74:src/HAL/adc.c ****   sConfig.Channel = ADC_CHANNEL_1;
  69              		.loc 1 74 0
  70 0026 0123     		movs	r3, #1
  75:src/HAL/adc.c ****   sConfig.Rank = 1;
  76:src/HAL/adc.c ****   sConfig.SamplingTime = ADC_SAMPLETIME_1CYCLE_5;
  71              		.loc 1 76 0
  72 0028 0022     		movs	r2, #0
  77:src/HAL/adc.c ****   if (HAL_ADC_ConfigChannel(&hadc1, &sConfig) != HAL_OK)
  73              		.loc 1 77 0
  74 002a 01A9     		add	r1, sp, #4
  75 002c 0848     		ldr	r0, .L13
  74:src/HAL/adc.c ****   sConfig.Rank = 1;
  76              		.loc 1 74 0
  77 002e 0193     		str	r3, [sp, #4]
  75:src/HAL/adc.c ****   sConfig.Rank = 1;
  78              		.loc 1 75 0
  79 0030 0293     		str	r3, [sp, #8]
  76:src/HAL/adc.c ****   if (HAL_ADC_ConfigChannel(&hadc1, &sConfig) != HAL_OK)
  80              		.loc 1 76 0
  81 0032 0392     		str	r2, [sp, #12]
  82              		.loc 1 77 0
  83 0034 FFF7FEFF 		bl	HAL_ADC_ConfigChannel
ARM GAS  /tmp/cc5eZ1kY.s 			page 4


  84              	.LVL1:
  85 0038 18B1     		cbz	r0, .L1
  78:src/HAL/adc.c ****   {
  79:src/HAL/adc.c ****     _Error_Handler(__FILE__, __LINE__);
  86              		.loc 1 79 0
  87 003a 4F21     		movs	r1, #79
  88 003c 0648     		ldr	r0, .L13+8
  89 003e FFF7FEFF 		bl	_Error_Handler
  90              	.LVL2:
  91              	.L1:
  80:src/HAL/adc.c ****   }
  81:src/HAL/adc.c **** 
  82:src/HAL/adc.c **** }
  92              		.loc 1 82 0
  93 0042 05B0     		add	sp, sp, #20
  94              		.cfi_remember_state
  95              		.cfi_def_cfa_offset 12
  96              		@ sp needed
  97 0044 30BD     		pop	{r4, r5, pc}
  98              	.L12:
  99              		.cfi_restore_state
  69:src/HAL/adc.c ****   }
 100              		.loc 1 69 0
 101 0046 4521     		movs	r1, #69
 102 0048 0348     		ldr	r0, .L13+8
 103 004a FFF7FEFF 		bl	_Error_Handler
 104              	.LVL3:
 105 004e EAE7     		b	.L2
 106              	.L14:
 107              		.align	2
 108              	.L13:
 109 0050 00000000 		.word	.LANCHOR0
 110 0054 00240140 		.word	1073816576
 111 0058 00000000 		.word	.LC0
 112              		.cfi_endproc
 113              	.LFE64:
 115              		.section	.text.HAL_ADC_MspInit,"ax",%progbits
 116              		.align	1
 117              		.p2align 2,,3
 118              		.global	HAL_ADC_MspInit
 119              		.syntax unified
 120              		.thumb
 121              		.thumb_func
 122              		.fpu softvfp
 124              	HAL_ADC_MspInit:
 125              	.LFB65:
  83:src/HAL/adc.c **** 
  84:src/HAL/adc.c **** void HAL_ADC_MspInit(ADC_HandleTypeDef* adcHandle)
  85:src/HAL/adc.c **** {
 126              		.loc 1 85 0
 127              		.cfi_startproc
 128              		@ args = 0, pretend = 0, frame = 24
 129              		@ frame_needed = 0, uses_anonymous_args = 0
 130              	.LVL4:
  86:src/HAL/adc.c **** 
  87:src/HAL/adc.c ****   GPIO_InitTypeDef GPIO_InitStruct;
  88:src/HAL/adc.c ****   if(adcHandle->Instance==ADC1)
ARM GAS  /tmp/cc5eZ1kY.s 			page 5


 131              		.loc 1 88 0
 132 0000 1E4B     		ldr	r3, .L27
 133 0002 0268     		ldr	r2, [r0]
 134 0004 9A42     		cmp	r2, r3
 135 0006 00D0     		beq	.L25
 136 0008 7047     		bx	lr
 137              	.L25:
  85:src/HAL/adc.c **** 
 138              		.loc 1 85 0
 139 000a F0B5     		push	{r4, r5, r6, r7, lr}
 140              		.cfi_def_cfa_offset 20
 141              		.cfi_offset 4, -20
 142              		.cfi_offset 5, -16
 143              		.cfi_offset 6, -12
 144              		.cfi_offset 7, -8
 145              		.cfi_offset 14, -4
  89:src/HAL/adc.c ****   {
  90:src/HAL/adc.c ****   /* USER CODE BEGIN ADC1_MspInit 0 */
  91:src/HAL/adc.c **** 
  92:src/HAL/adc.c ****   /* USER CODE END ADC1_MspInit 0 */
  93:src/HAL/adc.c ****     /* ADC1 clock enable */
  94:src/HAL/adc.c ****     __HAL_RCC_ADC1_CLK_ENABLE();
  95:src/HAL/adc.c ****   
  96:src/HAL/adc.c ****     /**ADC1 GPIO Configuration    
  97:src/HAL/adc.c ****     PA1     ------> ADC1_IN1 
  98:src/HAL/adc.c ****     */
  99:src/HAL/adc.c ****     GPIO_InitStruct.Pin = ADC_0_Pin;
 146              		.loc 1 99 0
 147 000c 0226     		movs	r6, #2
 100:src/HAL/adc.c ****     GPIO_InitStruct.Mode = GPIO_MODE_ANALOG;
 148              		.loc 1 100 0
 149 000e 0325     		movs	r5, #3
 150              	.LBB2:
  94:src/HAL/adc.c ****   
 151              		.loc 1 94 0
 152 0010 03F56C43 		add	r3, r3, #60416
 153 0014 9A69     		ldr	r2, [r3, #24]
 154              	.LBE2:
  85:src/HAL/adc.c **** 
 155              		.loc 1 85 0
 156 0016 87B0     		sub	sp, sp, #28
 157              		.cfi_def_cfa_offset 48
 158              	.LBB3:
  94:src/HAL/adc.c ****   
 159              		.loc 1 94 0
 160 0018 42F40072 		orr	r2, r2, #512
 161 001c 9A61     		str	r2, [r3, #24]
 162 001e 9B69     		ldr	r3, [r3, #24]
 163              	.LBE3:
 101:src/HAL/adc.c ****     HAL_GPIO_Init(ADC_0_GPIO_Port, &GPIO_InitStruct);
 164              		.loc 1 101 0
 165 0020 02A9     		add	r1, sp, #8
 166              	.LBB4:
  94:src/HAL/adc.c ****   
 167              		.loc 1 94 0
 168 0022 03F40073 		and	r3, r3, #512
 169 0026 0193     		str	r3, [sp, #4]
ARM GAS  /tmp/cc5eZ1kY.s 			page 6


 170 0028 0446     		mov	r4, r0
 171              	.LBE4:
 172              		.loc 1 101 0
 173 002a 1548     		ldr	r0, .L27+4
 174              	.LVL5:
  99:src/HAL/adc.c ****     GPIO_InitStruct.Mode = GPIO_MODE_ANALOG;
 175              		.loc 1 99 0
 176 002c 0296     		str	r6, [sp, #8]
 177              	.LBB5:
  94:src/HAL/adc.c ****   
 178              		.loc 1 94 0
 179 002e 019B     		ldr	r3, [sp, #4]
 180              	.LBE5:
 100:src/HAL/adc.c ****     HAL_GPIO_Init(ADC_0_GPIO_Port, &GPIO_InitStruct);
 181              		.loc 1 100 0
 182 0030 0395     		str	r5, [sp, #12]
 102:src/HAL/adc.c **** 
 103:src/HAL/adc.c ****     /* ADC1 DMA Init */
 104:src/HAL/adc.c ****     /* ADC1 Init */
 105:src/HAL/adc.c ****     hdma_adc1.Instance = DMA1_Channel1;
 106:src/HAL/adc.c ****     hdma_adc1.Init.Direction = DMA_PERIPH_TO_MEMORY;
 107:src/HAL/adc.c ****     hdma_adc1.Init.PeriphInc = DMA_PINC_DISABLE;
 108:src/HAL/adc.c ****     hdma_adc1.Init.MemInc = DMA_MINC_ENABLE;
 109:src/HAL/adc.c ****     hdma_adc1.Init.PeriphDataAlignment = DMA_PDATAALIGN_HALFWORD;
 183              		.loc 1 109 0
 184 0032 4FF48077 		mov	r7, #256
 101:src/HAL/adc.c **** 
 185              		.loc 1 101 0
 186 0036 FFF7FEFF 		bl	HAL_GPIO_Init
 187              	.LVL6:
 110:src/HAL/adc.c ****     hdma_adc1.Init.MemDataAlignment = DMA_MDATAALIGN_HALFWORD;
 188              		.loc 1 110 0
 189 003a 4FF48066 		mov	r6, #1024
 106:src/HAL/adc.c ****     hdma_adc1.Init.PeriphInc = DMA_PINC_DISABLE;
 190              		.loc 1 106 0
 191 003e 0023     		movs	r3, #0
 108:src/HAL/adc.c ****     hdma_adc1.Init.PeriphDataAlignment = DMA_PDATAALIGN_HALFWORD;
 192              		.loc 1 108 0
 193 0040 4FF0800E 		mov	lr, #128
 111:src/HAL/adc.c ****     hdma_adc1.Init.Mode = DMA_CIRCULAR;
 194              		.loc 1 111 0
 195 0044 2021     		movs	r1, #32
 112:src/HAL/adc.c ****     hdma_adc1.Init.Priority = DMA_PRIORITY_MEDIUM;
 196              		.loc 1 112 0
 197 0046 4FF48052 		mov	r2, #4096
 105:src/HAL/adc.c ****     hdma_adc1.Init.Direction = DMA_PERIPH_TO_MEMORY;
 198              		.loc 1 105 0
 199 004a 0E4D     		ldr	r5, .L27+8
 200 004c 0E48     		ldr	r0, .L27+12
 106:src/HAL/adc.c ****     hdma_adc1.Init.PeriphInc = DMA_PINC_DISABLE;
 201              		.loc 1 106 0
 202 004e 6B60     		str	r3, [r5, #4]
 105:src/HAL/adc.c ****     hdma_adc1.Init.Direction = DMA_PERIPH_TO_MEMORY;
 203              		.loc 1 105 0
 204 0050 2860     		str	r0, [r5]
 113:src/HAL/adc.c ****     if (HAL_DMA_Init(&hdma_adc1) != HAL_OK)
 205              		.loc 1 113 0
ARM GAS  /tmp/cc5eZ1kY.s 			page 7


 206 0052 2846     		mov	r0, r5
 107:src/HAL/adc.c ****     hdma_adc1.Init.MemInc = DMA_MINC_ENABLE;
 207              		.loc 1 107 0
 208 0054 AB60     		str	r3, [r5, #8]
 108:src/HAL/adc.c ****     hdma_adc1.Init.PeriphDataAlignment = DMA_PDATAALIGN_HALFWORD;
 209              		.loc 1 108 0
 210 0056 C5F80CE0 		str	lr, [r5, #12]
 109:src/HAL/adc.c ****     hdma_adc1.Init.MemDataAlignment = DMA_MDATAALIGN_HALFWORD;
 211              		.loc 1 109 0
 212 005a 2F61     		str	r7, [r5, #16]
 110:src/HAL/adc.c ****     hdma_adc1.Init.Mode = DMA_CIRCULAR;
 213              		.loc 1 110 0
 214 005c 6E61     		str	r6, [r5, #20]
 111:src/HAL/adc.c ****     hdma_adc1.Init.Priority = DMA_PRIORITY_MEDIUM;
 215              		.loc 1 111 0
 216 005e A961     		str	r1, [r5, #24]
 112:src/HAL/adc.c ****     if (HAL_DMA_Init(&hdma_adc1) != HAL_OK)
 217              		.loc 1 112 0
 218 0060 EA61     		str	r2, [r5, #28]
 219              		.loc 1 113 0
 220 0062 FFF7FEFF 		bl	HAL_DMA_Init
 221              	.LVL7:
 222 0066 18B9     		cbnz	r0, .L26
 223              	.L17:
 114:src/HAL/adc.c ****     {
 115:src/HAL/adc.c ****       _Error_Handler(__FILE__, __LINE__);
 116:src/HAL/adc.c ****     }
 117:src/HAL/adc.c **** 
 118:src/HAL/adc.c ****     __HAL_LINKDMA(adcHandle,DMA_Handle,hdma_adc1);
 224              		.loc 1 118 0
 225 0068 2562     		str	r5, [r4, #32]
 226 006a 6C62     		str	r4, [r5, #36]
 119:src/HAL/adc.c **** 
 120:src/HAL/adc.c ****   /* USER CODE BEGIN ADC1_MspInit 1 */
 121:src/HAL/adc.c **** 
 122:src/HAL/adc.c ****   /* USER CODE END ADC1_MspInit 1 */
 123:src/HAL/adc.c ****   }
 124:src/HAL/adc.c **** }
 227              		.loc 1 124 0
 228 006c 07B0     		add	sp, sp, #28
 229              		.cfi_remember_state
 230              		.cfi_def_cfa_offset 20
 231              		@ sp needed
 232 006e F0BD     		pop	{r4, r5, r6, r7, pc}
 233              	.LVL8:
 234              	.L26:
 235              		.cfi_restore_state
 115:src/HAL/adc.c ****     }
 236              		.loc 1 115 0
 237 0070 7321     		movs	r1, #115
 238 0072 0648     		ldr	r0, .L27+16
 239 0074 FFF7FEFF 		bl	_Error_Handler
 240              	.LVL9:
 241 0078 F6E7     		b	.L17
 242              	.L28:
 243 007a 00BF     		.align	2
 244              	.L27:
ARM GAS  /tmp/cc5eZ1kY.s 			page 8


 245 007c 00240140 		.word	1073816576
 246 0080 00080140 		.word	1073809408
 247 0084 00000000 		.word	.LANCHOR1
 248 0088 08000240 		.word	1073872904
 249 008c 00000000 		.word	.LC0
 250              		.cfi_endproc
 251              	.LFE65:
 253              		.section	.text.HAL_ADC_MspDeInit,"ax",%progbits
 254              		.align	1
 255              		.p2align 2,,3
 256              		.global	HAL_ADC_MspDeInit
 257              		.syntax unified
 258              		.thumb
 259              		.thumb_func
 260              		.fpu softvfp
 262              	HAL_ADC_MspDeInit:
 263              	.LFB66:
 125:src/HAL/adc.c **** 
 126:src/HAL/adc.c **** void HAL_ADC_MspDeInit(ADC_HandleTypeDef* adcHandle)
 127:src/HAL/adc.c **** {
 264              		.loc 1 127 0
 265              		.cfi_startproc
 266              		@ args = 0, pretend = 0, frame = 0
 267              		@ frame_needed = 0, uses_anonymous_args = 0
 268              	.LVL10:
 128:src/HAL/adc.c **** 
 129:src/HAL/adc.c ****   if(adcHandle->Instance==ADC1)
 269              		.loc 1 129 0
 270 0000 0A4B     		ldr	r3, .L35
 271 0002 0268     		ldr	r2, [r0]
 272 0004 9A42     		cmp	r2, r3
 273 0006 00D0     		beq	.L34
 274 0008 7047     		bx	lr
 275              	.L34:
 127:src/HAL/adc.c **** 
 276              		.loc 1 127 0
 277 000a 10B5     		push	{r4, lr}
 278              		.cfi_def_cfa_offset 8
 279              		.cfi_offset 4, -8
 280              		.cfi_offset 14, -4
 281 000c 0446     		mov	r4, r0
 130:src/HAL/adc.c ****   {
 131:src/HAL/adc.c ****   /* USER CODE BEGIN ADC1_MspDeInit 0 */
 132:src/HAL/adc.c **** 
 133:src/HAL/adc.c ****   /* USER CODE END ADC1_MspDeInit 0 */
 134:src/HAL/adc.c ****     /* Peripheral clock disable */
 135:src/HAL/adc.c ****     __HAL_RCC_ADC1_CLK_DISABLE();
 282              		.loc 1 135 0
 283 000e 084A     		ldr	r2, .L35+4
 136:src/HAL/adc.c ****   
 137:src/HAL/adc.c ****     /**ADC1 GPIO Configuration    
 138:src/HAL/adc.c ****     PA1     ------> ADC1_IN1 
 139:src/HAL/adc.c ****     */
 140:src/HAL/adc.c ****     HAL_GPIO_DeInit(ADC_0_GPIO_Port, ADC_0_Pin);
 284              		.loc 1 140 0
 285 0010 0848     		ldr	r0, .L35+8
 286              	.LVL11:
ARM GAS  /tmp/cc5eZ1kY.s 			page 9


 135:src/HAL/adc.c ****   
 287              		.loc 1 135 0
 288 0012 9369     		ldr	r3, [r2, #24]
 289              		.loc 1 140 0
 290 0014 0221     		movs	r1, #2
 135:src/HAL/adc.c ****   
 291              		.loc 1 135 0
 292 0016 23F40073 		bic	r3, r3, #512
 293 001a 9361     		str	r3, [r2, #24]
 294              		.loc 1 140 0
 295 001c FFF7FEFF 		bl	HAL_GPIO_DeInit
 296              	.LVL12:
 141:src/HAL/adc.c **** 
 142:src/HAL/adc.c ****     /* ADC1 DMA DeInit */
 143:src/HAL/adc.c ****     HAL_DMA_DeInit(adcHandle->DMA_Handle);
 297              		.loc 1 143 0
 298 0020 206A     		ldr	r0, [r4, #32]
 144:src/HAL/adc.c ****   /* USER CODE BEGIN ADC1_MspDeInit 1 */
 145:src/HAL/adc.c **** 
 146:src/HAL/adc.c ****   /* USER CODE END ADC1_MspDeInit 1 */
 147:src/HAL/adc.c ****   }
 148:src/HAL/adc.c **** } 
 299              		.loc 1 148 0
 300 0022 BDE81040 		pop	{r4, lr}
 301              		.cfi_restore 14
 302              		.cfi_restore 4
 303              		.cfi_def_cfa_offset 0
 304              	.LVL13:
 143:src/HAL/adc.c ****   /* USER CODE BEGIN ADC1_MspDeInit 1 */
 305              		.loc 1 143 0
 306 0026 FFF7FEBF 		b	HAL_DMA_DeInit
 307              	.LVL14:
 308              	.L36:
 309 002a 00BF     		.align	2
 310              	.L35:
 311 002c 00240140 		.word	1073816576
 312 0030 00100240 		.word	1073876992
 313 0034 00080140 		.word	1073809408
 314              		.cfi_endproc
 315              	.LFE66:
 317              		.global	hdma_adc1
 318              		.global	hadc1
 319              		.section	.bss.hadc1,"aw",%nobits
 320              		.align	2
 321              		.set	.LANCHOR0,. + 0
 324              	hadc1:
 325 0000 00000000 		.space	48
 325      00000000 
 325      00000000 
 325      00000000 
 325      00000000 
 326              		.section	.bss.hdma_adc1,"aw",%nobits
 327              		.align	2
 328              		.set	.LANCHOR1,. + 0
 331              	hdma_adc1:
 332 0000 00000000 		.space	68
 332      00000000 
ARM GAS  /tmp/cc5eZ1kY.s 			page 10


 332      00000000 
 332      00000000 
 332      00000000 
 333              		.section	.rodata.MX_ADC1_Init.str1.4,"aMS",%progbits,1
 334              		.align	2
 335              	.LC0:
 336 0000 7372632F 		.ascii	"src/HAL/adc.c\000"
 336      48414C2F 
 336      6164632E 
 336      6300
 337              		.text
 338              	.Letext0:
 339              		.file 2 "/home/vdykyy/Install/STM-32/gcc-arm-none-eabi-6-2017-q2-update/lib/gcc/arm-none-eabi/6.3.
 340              		.file 3 "drivers/CMSIS/Include/core_cm3.h"
 341              		.file 4 "drivers/CMSIS/Device/ST/STM32F1xx/Include/system_stm32f1xx.h"
 342              		.file 5 "drivers/CMSIS/Device/ST/STM32F1xx/Include/stm32f103xb.h"
 343              		.file 6 "/home/vdykyy/Install/STM-32/gcc-arm-none-eabi-6-2017-q2-update/arm-none-eabi/include/sys/
 344              		.file 7 "/home/vdykyy/Install/STM-32/gcc-arm-none-eabi-6-2017-q2-update/arm-none-eabi/include/sys/
 345              		.file 8 "/home/vdykyy/Install/STM-32/gcc-arm-none-eabi-6-2017-q2-update/lib/gcc/arm-none-eabi/6.3.
 346              		.file 9 "/home/vdykyy/Install/STM-32/gcc-arm-none-eabi-6-2017-q2-update/arm-none-eabi/include/sys/
 347              		.file 10 "drivers/CMSIS/Device/ST/STM32F1xx/Include/stm32f1xx.h"
 348              		.file 11 "drivers/STM32F1xx_HAL_Driver/Inc/stm32f1xx_hal_def.h"
 349              		.file 12 "drivers/STM32F1xx_HAL_Driver/Inc/stm32f1xx_hal_gpio.h"
 350              		.file 13 "drivers/STM32F1xx_HAL_Driver/Inc/stm32f1xx_hal_dma.h"
 351              		.file 14 "drivers/STM32F1xx_HAL_Driver/Inc/stm32f1xx_hal_adc.h"
 352              		.file 15 "src/HAL/adc.h"
 353              		.file 16 "src/HAL/dma.h"
ARM GAS  /tmp/cc5eZ1kY.s 			page 11


DEFINED SYMBOLS
                            *ABS*:0000000000000000 adc.c
     /tmp/cc5eZ1kY.s:16     .text.MX_ADC1_Init:0000000000000000 $t
     /tmp/cc5eZ1kY.s:24     .text.MX_ADC1_Init:0000000000000000 MX_ADC1_Init
     /tmp/cc5eZ1kY.s:109    .text.MX_ADC1_Init:0000000000000050 $d
     /tmp/cc5eZ1kY.s:116    .text.HAL_ADC_MspInit:0000000000000000 $t
     /tmp/cc5eZ1kY.s:124    .text.HAL_ADC_MspInit:0000000000000000 HAL_ADC_MspInit
     /tmp/cc5eZ1kY.s:245    .text.HAL_ADC_MspInit:000000000000007c $d
     /tmp/cc5eZ1kY.s:254    .text.HAL_ADC_MspDeInit:0000000000000000 $t
     /tmp/cc5eZ1kY.s:262    .text.HAL_ADC_MspDeInit:0000000000000000 HAL_ADC_MspDeInit
     /tmp/cc5eZ1kY.s:311    .text.HAL_ADC_MspDeInit:000000000000002c $d
     /tmp/cc5eZ1kY.s:331    .bss.hdma_adc1:0000000000000000 hdma_adc1
     /tmp/cc5eZ1kY.s:324    .bss.hadc1:0000000000000000 hadc1
     /tmp/cc5eZ1kY.s:320    .bss.hadc1:0000000000000000 $d
     /tmp/cc5eZ1kY.s:327    .bss.hdma_adc1:0000000000000000 $d
     /tmp/cc5eZ1kY.s:334    .rodata.MX_ADC1_Init.str1.4:0000000000000000 $d
                     .debug_frame:0000000000000010 $d
                           .group:0000000000000000 wm4.0.04924adcfdc7a6cf00118bdef9d1ce8d
                           .group:0000000000000000 wm4.main.h.40.6fe808b6568aa38f66585b648d7167ef
                           .group:0000000000000000 wm4.stm32f1xx_hal_conf.h.52.96cb61986c8bfeb3a4fa629a7a7441f6
                           .group:0000000000000000 wm4.stm32f1xx.h.57.c2a10934f4c6830aeb7e4997f02806f1
                           .group:0000000000000000 wm4.stm32f103xb.h.56.66305a77cea9d5300aac997a78930076
                           .group:0000000000000000 wm4.stdintgcc.h.29.6d480f4ba0f60596e88234283d42444f
                           .group:0000000000000000 wm4.core_cm3.h.74.7d5fecd6d4522d755d10a23d1542f805
                           .group:0000000000000000 wm4.cmsis_gcc.h.36.67d2dcde6a14ff518eedc1d545d89a76
                           .group:0000000000000000 wm4.core_cm3.h.175.a6c441adf1a05ce96eea3cf78e6687ab
                           .group:0000000000000000 wm4.stm32f103xb.h.619.382b3c85cac6f0350ee5bfaff32e1ebc
                           .group:0000000000000000 wm4.stm32f1xx.h.180.c0013e6ebd6ad07f67c298190b8eac92
                           .group:0000000000000000 wm4._newlib_version.h.4.3572908597b70d672d181fc7fc501c19
                           .group:0000000000000000 wm4.newlib.h.21.59901f4bf241ab46c63694665baa7297
                           .group:0000000000000000 wm4.features.h.22.5cdadbb3efe495d1c9e38350b8c376c7
                           .group:0000000000000000 wm4.config.h.219.65a553ab5bef5482f0d7880b0d33015e
                           .group:0000000000000000 wm4._ansi.h.23.9f8fcfa20193763fcf364fb91705c94b
                           .group:0000000000000000 wm4.stdio.h.31.7c0e28c411445f3f9c5b11accf882760
                           .group:0000000000000000 wm4._default_types.h.6.959254cf5f09734ea7516c89e8bb21bd
                           .group:0000000000000000 wm4.stddef.h.187.2ff233552538c6ff9b8575ca8ea52cb3
                           .group:0000000000000000 wm4.cdefs.h.47.e658329a094974ebad41b40c60502de7
                           .group:0000000000000000 wm4.stddef.h.39.ec95e8feac892e292b69dc7ae75b0d64
                           .group:0000000000000000 wm4.stdarg.h.34.3a23a216c0c293b3d2ea2e89281481e6
                           .group:0000000000000000 wm4.lock.h.2.1461d1fff82dffe8bfddc23307f6484f
                           .group:0000000000000000 wm4._types.h.125.5cf8a495f1f7ef36777ad868a1e32068
                           .group:0000000000000000 wm4.stddef.h.161.5349cb105733e8777bfb0cf53c4e3f34
                           .group:0000000000000000 wm4._types.h.183.c226d164ceca1f2ecb9ae9360c54a098
                           .group:0000000000000000 wm4.reent.h.17.23b059516345f8f5abfa01ddc379570f
                           .group:0000000000000000 wm4.types.h.40.e8c16e7ec36ba55f133d0616070e25fc
                           .group:0000000000000000 wm4._stdint.h.10.c24fa3af3bc1706662bb5593a907e841
                           .group:0000000000000000 wm4._endian.h.31.65a10590763c3dde1ac4a7f66d7d4891
                           .group:0000000000000000 wm4.endian.h.9.49f3a4695c1b61e8a0808de3c4a106cb
                           .group:0000000000000000 wm4._timeval.h.30.0e8bfd94e85db17dda3286ee81496fe6
                           .group:0000000000000000 wm4.timespec.h.41.d855182eb0e690443ab8651bcedca6e1
                           .group:0000000000000000 wm4.select.h.30.bbece7fa40993a78092dcc5805132560
                           .group:0000000000000000 wm4.types.h.69.ed3eae3cf73030a737515151ebcab7a1
                           .group:0000000000000000 wm4.stdio.h.2.4aa87247282eca6c8f36f9de33d8df1a
                           .group:0000000000000000 wm4.stdio.h.81.8188691c2279eac7a223caa50f6694b9
                           .group:0000000000000000 wm4.stm32f1xx_hal_def.h.77.f54bfbbe3e3696aae97b05a3f338caf7
                           .group:0000000000000000 wm4.stm32f1xx_hal_rcc.h.112.09261d6ad0eef5abae6b9147d0cf5cbf
                           .group:0000000000000000 wm4.stm32f1xx_hal_rcc_ex.h.40.bb785d717afc4d2d2b63a3608cb5a0c5
ARM GAS  /tmp/cc5eZ1kY.s 			page 12


                           .group:0000000000000000 wm4.stm32f1xx_hal_rcc.h.1219.902328474751456408f7d18f6caace93
                           .group:0000000000000000 wm4.stm32f1xx_hal_gpio.h.40.f1cf5d2dd589e1675a9fcd6b008c2bb6
                           .group:0000000000000000 wm4.stm32f1xx_hal_gpio_ex.h.40.30d74584c89dcd3d86d10bdbbb06cc31
                           .group:0000000000000000 wm4.stm32f1xx_hal_gpio.h.281.b26a95114b989e6edaf48d72c8710b9d
                           .group:0000000000000000 wm4.stm32f1xx_hal_dma.h.40.b1d5b41c58b583c31c61335e4c8e1bdd
                           .group:0000000000000000 wm4.stm32f1xx_hal_dma_ex.h.40.7ac05bbf95f5a25a3f4a9b9c2a14f835
                           .group:0000000000000000 wm4.stm32f1xx_hal_dma.h.427.daddf65c60854feb2dc9660a62f55b8c
                           .group:0000000000000000 wm4.stm32f1xx_hal_cortex.h.40.4f649a8bf316b7aa5d02077abd9b8999
                           .group:0000000000000000 wm4.stm32f1xx_hal_adc.h.40.3ad40e622f0cef64228eb182e4bbe00f
                           .group:0000000000000000 wm4.stm32f1xx_hal_adc_ex.h.40.3118796521817cc82626257e9c7ab79c
                           .group:0000000000000000 wm4.stm32f1xx_hal_flash.h.40.12aaef98e1fbb85e3a8f79f98532d04a
                           .group:0000000000000000 wm4.stm32f1xx_hal_flash_ex.h.40.ad66c77e153bc5a4a1d60e46727f4ae5
                           .group:0000000000000000 wm4.stm32f1xx_hal_pwr.h.40.ecccf9071314b0ab3f6ffcfd7c596e95
                           .group:0000000000000000 wm4.stm32f1xx_hal_spi.h.40.5dd367ee94b0bb430a3842862fe7d7da
                           .group:0000000000000000 wm4.stm32f1xx_hal_tim.h.40.ac3feb225ff72b119eeddfe8acac07a3
                           .group:0000000000000000 wm4.stm32f1xx_hal_tim_ex.h.40.9b926a51c24898708ad2e47fd5ff9d32
                           .group:0000000000000000 wm4.stm32f1xx_hal_uart.h.40.9914ca79b81d8b23b4e5425c156b0acd
                           .group:0000000000000000 wm4.stm32f1xx_hal.h.82.f2fd9c01c6f8c9e676a37d84eb9dc553

UNDEFINED SYMBOLS
HAL_ADC_Init
HAL_ADC_ConfigChannel
_Error_Handler
HAL_GPIO_Init
HAL_DMA_Init
HAL_GPIO_DeInit
HAL_DMA_DeInit
