ARM GAS  /tmp/cc1vtIgl.s 			page 1


   1              		.cpu cortex-m3
   2              		.eabi_attribute 20, 1
   3              		.eabi_attribute 21, 1
   4              		.eabi_attribute 23, 3
   5              		.eabi_attribute 24, 1
   6              		.eabi_attribute 25, 1
   7              		.eabi_attribute 26, 1
   8              		.eabi_attribute 30, 2
   9              		.eabi_attribute 34, 1
  10              		.eabi_attribute 18, 4
  11              		.file	"spi.c"
  12              		.text
  13              	.Ltext0:
  14              		.cfi_sections	.debug_frame
  15              		.section	.text.MX_SPI1_Init,"ax",%progbits
  16              		.align	1
  17              		.p2align 2,,3
  18              		.global	MX_SPI1_Init
  19              		.syntax unified
  20              		.thumb
  21              		.thumb_func
  22              		.fpu softvfp
  24              	MX_SPI1_Init:
  25              	.LFB64:
  26              		.file 1 "src/HAL/spi.c"
   1:src/HAL/spi.c **** /**
   2:src/HAL/spi.c ****   ******************************************************************************
   3:src/HAL/spi.c ****   * File Name          : SPI.c
   4:src/HAL/spi.c ****   * Description        : This file provides code for the configuration
   5:src/HAL/spi.c ****   *                      of the SPI instances.
   6:src/HAL/spi.c ****   ******************************************************************************
   7:src/HAL/spi.c ****   ** This notice applies to any and all portions of this file
   8:src/HAL/spi.c ****   * that are not between comment pairs USER CODE BEGIN and
   9:src/HAL/spi.c ****   * USER CODE END. Other portions of this file, whether 
  10:src/HAL/spi.c ****   * inserted by the user or by software development tools
  11:src/HAL/spi.c ****   * are owned by their respective copyright owners.
  12:src/HAL/spi.c ****   *
  13:src/HAL/spi.c ****   * COPYRIGHT(c) 2017 STMicroelectronics
  14:src/HAL/spi.c ****   *
  15:src/HAL/spi.c ****   * Redistribution and use in source and binary forms, with or without modification,
  16:src/HAL/spi.c ****   * are permitted provided that the following conditions are met:
  17:src/HAL/spi.c ****   *   1. Redistributions of source code must retain the above copyright notice,
  18:src/HAL/spi.c ****   *      this list of conditions and the following disclaimer.
  19:src/HAL/spi.c ****   *   2. Redistributions in binary form must reproduce the above copyright notice,
  20:src/HAL/spi.c ****   *      this list of conditions and the following disclaimer in the documentation
  21:src/HAL/spi.c ****   *      and/or other materials provided with the distribution.
  22:src/HAL/spi.c ****   *   3. Neither the name of STMicroelectronics nor the names of its contributors
  23:src/HAL/spi.c ****   *      may be used to endorse or promote products derived from this software
  24:src/HAL/spi.c ****   *      without specific prior written permission.
  25:src/HAL/spi.c ****   *
  26:src/HAL/spi.c ****   * THIS SOFTWARE IS PROVIDED BY THE COPYRIGHT HOLDERS AND CONTRIBUTORS "AS IS"
  27:src/HAL/spi.c ****   * AND ANY EXPRESS OR IMPLIED WARRANTIES, INCLUDING, BUT NOT LIMITED TO, THE
  28:src/HAL/spi.c ****   * IMPLIED WARRANTIES OF MERCHANTABILITY AND FITNESS FOR A PARTICULAR PURPOSE ARE
  29:src/HAL/spi.c ****   * DISCLAIMED. IN NO EVENT SHALL THE COPYRIGHT HOLDER OR CONTRIBUTORS BE LIABLE
  30:src/HAL/spi.c ****   * FOR ANY DIRECT, INDIRECT, INCIDENTAL, SPECIAL, EXEMPLARY, OR CONSEQUENTIAL
  31:src/HAL/spi.c ****   * DAMAGES (INCLUDING, BUT NOT LIMITED TO, PROCUREMENT OF SUBSTITUTE GOODS OR
  32:src/HAL/spi.c ****   * SERVICES; LOSS OF USE, DATA, OR PROFITS; OR BUSINESS INTERRUPTION) HOWEVER
ARM GAS  /tmp/cc1vtIgl.s 			page 2


  33:src/HAL/spi.c ****   * CAUSED AND ON ANY THEORY OF LIABILITY, WHETHER IN CONTRACT, STRICT LIABILITY,
  34:src/HAL/spi.c ****   * OR TORT (INCLUDING NEGLIGENCE OR OTHERWISE) ARISING IN ANY WAY OUT OF THE USE
  35:src/HAL/spi.c ****   * OF THIS SOFTWARE, EVEN IF ADVISED OF THE POSSIBILITY OF SUCH DAMAGE.
  36:src/HAL/spi.c ****   *
  37:src/HAL/spi.c ****   ******************************************************************************
  38:src/HAL/spi.c ****   */
  39:src/HAL/spi.c **** 
  40:src/HAL/spi.c **** /* Includes ------------------------------------------------------------------*/
  41:src/HAL/spi.c **** #include "spi.h"
  42:src/HAL/spi.c **** 
  43:src/HAL/spi.c **** #include "gpio.h"
  44:src/HAL/spi.c **** #include "dma.h"
  45:src/HAL/spi.c **** 
  46:src/HAL/spi.c **** /* USER CODE BEGIN 0 */
  47:src/HAL/spi.c **** 
  48:src/HAL/spi.c **** /* USER CODE END 0 */
  49:src/HAL/spi.c **** 
  50:src/HAL/spi.c **** SPI_HandleTypeDef hspi1;
  51:src/HAL/spi.c **** DMA_HandleTypeDef hdma_spi1_tx;
  52:src/HAL/spi.c **** 
  53:src/HAL/spi.c **** /* SPI1 init function */
  54:src/HAL/spi.c **** void MX_SPI1_Init(void)
  55:src/HAL/spi.c **** {
  27              		.loc 1 55 0
  28              		.cfi_startproc
  29              		@ args = 0, pretend = 0, frame = 0
  30              		@ frame_needed = 0, uses_anonymous_args = 0
  31 0000 F8B5     		push	{r3, r4, r5, r6, r7, lr}
  32              		.cfi_def_cfa_offset 24
  33              		.cfi_offset 3, -24
  34              		.cfi_offset 4, -20
  35              		.cfi_offset 5, -16
  36              		.cfi_offset 6, -12
  37              		.cfi_offset 7, -8
  38              		.cfi_offset 14, -4
  56:src/HAL/spi.c **** 
  57:src/HAL/spi.c ****   hspi1.Instance = SPI1;
  58:src/HAL/spi.c ****   hspi1.Init.Mode = SPI_MODE_MASTER;
  39              		.loc 1 58 0
  40 0002 4FF4827E 		mov	lr, #260
  59:src/HAL/spi.c ****   hspi1.Init.Direction = SPI_DIRECTION_2LINES;
  41              		.loc 1 59 0
  42 0006 0022     		movs	r2, #0
  60:src/HAL/spi.c ****   hspi1.Init.DataSize = SPI_DATASIZE_8BIT;
  61:src/HAL/spi.c ****   hspi1.Init.CLKPolarity = SPI_POLARITY_HIGH;
  43              		.loc 1 61 0
  44 0008 0227     		movs	r7, #2
  62:src/HAL/spi.c ****   hspi1.Init.CLKPhase = SPI_PHASE_2EDGE;
  45              		.loc 1 62 0
  46 000a 0126     		movs	r6, #1
  63:src/HAL/spi.c ****   hspi1.Init.NSS = SPI_NSS_SOFT;
  47              		.loc 1 63 0
  48 000c 4FF40075 		mov	r5, #512
  64:src/HAL/spi.c ****   hspi1.Init.BaudRatePrescaler = SPI_BAUDRATEPRESCALER_16;
  49              		.loc 1 64 0
  50 0010 1824     		movs	r4, #24
  65:src/HAL/spi.c ****   hspi1.Init.FirstBit = SPI_FIRSTBIT_MSB;
ARM GAS  /tmp/cc1vtIgl.s 			page 3


  66:src/HAL/spi.c ****   hspi1.Init.TIMode = SPI_TIMODE_DISABLE;
  67:src/HAL/spi.c ****   hspi1.Init.CRCCalculation = SPI_CRCCALCULATION_DISABLE;
  68:src/HAL/spi.c ****   hspi1.Init.CRCPolynomial = 10;
  51              		.loc 1 68 0
  52 0012 0A21     		movs	r1, #10
  57:src/HAL/spi.c ****   hspi1.Init.Mode = SPI_MODE_MASTER;
  53              		.loc 1 57 0
  54 0014 0C4B     		ldr	r3, .L6
  55 0016 0D48     		ldr	r0, .L6+4
  61:src/HAL/spi.c ****   hspi1.Init.CLKPhase = SPI_PHASE_2EDGE;
  56              		.loc 1 61 0
  57 0018 1F61     		str	r7, [r3, #16]
  57:src/HAL/spi.c ****   hspi1.Init.Mode = SPI_MODE_MASTER;
  58              		.loc 1 57 0
  59 001a 83E80140 		stm	r3, {r0, lr}
  69:src/HAL/spi.c ****   if (HAL_SPI_Init(&hspi1) != HAL_OK)
  60              		.loc 1 69 0
  61 001e 1846     		mov	r0, r3
  62:src/HAL/spi.c ****   hspi1.Init.NSS = SPI_NSS_SOFT;
  62              		.loc 1 62 0
  63 0020 5E61     		str	r6, [r3, #20]
  63:src/HAL/spi.c ****   hspi1.Init.BaudRatePrescaler = SPI_BAUDRATEPRESCALER_16;
  64              		.loc 1 63 0
  65 0022 9D61     		str	r5, [r3, #24]
  64:src/HAL/spi.c ****   hspi1.Init.FirstBit = SPI_FIRSTBIT_MSB;
  66              		.loc 1 64 0
  67 0024 DC61     		str	r4, [r3, #28]
  68:src/HAL/spi.c ****   if (HAL_SPI_Init(&hspi1) != HAL_OK)
  68              		.loc 1 68 0
  69 0026 D962     		str	r1, [r3, #44]
  59:src/HAL/spi.c ****   hspi1.Init.DataSize = SPI_DATASIZE_8BIT;
  70              		.loc 1 59 0
  71 0028 9A60     		str	r2, [r3, #8]
  60:src/HAL/spi.c ****   hspi1.Init.CLKPolarity = SPI_POLARITY_HIGH;
  72              		.loc 1 60 0
  73 002a DA60     		str	r2, [r3, #12]
  65:src/HAL/spi.c ****   hspi1.Init.TIMode = SPI_TIMODE_DISABLE;
  74              		.loc 1 65 0
  75 002c 1A62     		str	r2, [r3, #32]
  66:src/HAL/spi.c ****   hspi1.Init.CRCCalculation = SPI_CRCCALCULATION_DISABLE;
  76              		.loc 1 66 0
  77 002e 5A62     		str	r2, [r3, #36]
  67:src/HAL/spi.c ****   hspi1.Init.CRCPolynomial = 10;
  78              		.loc 1 67 0
  79 0030 9A62     		str	r2, [r3, #40]
  80              		.loc 1 69 0
  81 0032 FFF7FEFF 		bl	HAL_SPI_Init
  82              	.LVL0:
  83 0036 00B9     		cbnz	r0, .L5
  84 0038 F8BD     		pop	{r3, r4, r5, r6, r7, pc}
  85              	.L5:
  70:src/HAL/spi.c ****   {
  71:src/HAL/spi.c ****     _Error_Handler(__FILE__, __LINE__);
  86              		.loc 1 71 0
  87 003a 4721     		movs	r1, #71
  72:src/HAL/spi.c ****   }
  73:src/HAL/spi.c **** 
ARM GAS  /tmp/cc1vtIgl.s 			page 4


  74:src/HAL/spi.c **** }
  88              		.loc 1 74 0
  89 003c BDE8F840 		pop	{r3, r4, r5, r6, r7, lr}
  90              		.cfi_restore 14
  91              		.cfi_restore 7
  92              		.cfi_restore 6
  93              		.cfi_restore 5
  94              		.cfi_restore 4
  95              		.cfi_restore 3
  96              		.cfi_def_cfa_offset 0
  71:src/HAL/spi.c ****   }
  97              		.loc 1 71 0
  98 0040 0348     		ldr	r0, .L6+8
  99 0042 FFF7FEBF 		b	_Error_Handler
 100              	.LVL1:
 101              	.L7:
 102 0046 00BF     		.align	2
 103              	.L6:
 104 0048 00000000 		.word	.LANCHOR0
 105 004c 00300140 		.word	1073819648
 106 0050 00000000 		.word	.LC0
 107              		.cfi_endproc
 108              	.LFE64:
 110              		.section	.text.HAL_SPI_MspInit,"ax",%progbits
 111              		.align	1
 112              		.p2align 2,,3
 113              		.global	HAL_SPI_MspInit
 114              		.syntax unified
 115              		.thumb
 116              		.thumb_func
 117              		.fpu softvfp
 119              	HAL_SPI_MspInit:
 120              	.LFB65:
  75:src/HAL/spi.c **** 
  76:src/HAL/spi.c **** void HAL_SPI_MspInit(SPI_HandleTypeDef* spiHandle)
  77:src/HAL/spi.c **** {
 121              		.loc 1 77 0
 122              		.cfi_startproc
 123              		@ args = 0, pretend = 0, frame = 24
 124              		@ frame_needed = 0, uses_anonymous_args = 0
 125              	.LVL2:
  78:src/HAL/spi.c **** 
  79:src/HAL/spi.c ****   GPIO_InitTypeDef GPIO_InitStruct;
  80:src/HAL/spi.c ****   if(spiHandle->Instance==SPI1)
 126              		.loc 1 80 0
 127 0000 1B4B     		ldr	r3, .L20
 128 0002 0268     		ldr	r2, [r0]
 129 0004 9A42     		cmp	r2, r3
 130 0006 00D0     		beq	.L18
 131 0008 7047     		bx	lr
 132              	.L18:
  77:src/HAL/spi.c **** 
 133              		.loc 1 77 0
 134 000a F0B5     		push	{r4, r5, r6, r7, lr}
 135              		.cfi_def_cfa_offset 20
 136              		.cfi_offset 4, -20
 137              		.cfi_offset 5, -16
ARM GAS  /tmp/cc1vtIgl.s 			page 5


 138              		.cfi_offset 6, -12
 139              		.cfi_offset 7, -8
 140              		.cfi_offset 14, -4
  81:src/HAL/spi.c ****   {
  82:src/HAL/spi.c ****   /* USER CODE BEGIN SPI1_MspInit 0 */
  83:src/HAL/spi.c **** 
  84:src/HAL/spi.c ****   /* USER CODE END SPI1_MspInit 0 */
  85:src/HAL/spi.c ****     /* SPI1 clock enable */
  86:src/HAL/spi.c ****     __HAL_RCC_SPI1_CLK_ENABLE();
  87:src/HAL/spi.c ****   
  88:src/HAL/spi.c ****     /**SPI1 GPIO Configuration    
  89:src/HAL/spi.c ****     PA5     ------> SPI1_SCK
  90:src/HAL/spi.c ****     PA7     ------> SPI1_MOSI 
  91:src/HAL/spi.c ****     */
  92:src/HAL/spi.c ****     GPIO_InitStruct.Pin = GPIO_PIN_5|GPIO_PIN_7;
  93:src/HAL/spi.c ****     GPIO_InitStruct.Mode = GPIO_MODE_AF_PP;
 141              		.loc 1 93 0
 142 000c 0226     		movs	r6, #2
  94:src/HAL/spi.c ****     GPIO_InitStruct.Speed = GPIO_SPEED_FREQ_HIGH;
 143              		.loc 1 94 0
 144 000e 0325     		movs	r5, #3
  92:src/HAL/spi.c ****     GPIO_InitStruct.Mode = GPIO_MODE_AF_PP;
 145              		.loc 1 92 0
 146 0010 A027     		movs	r7, #160
 147              	.LBB2:
  86:src/HAL/spi.c ****   
 148              		.loc 1 86 0
 149 0012 03F56043 		add	r3, r3, #57344
 150 0016 9A69     		ldr	r2, [r3, #24]
 151              	.LBE2:
  77:src/HAL/spi.c **** 
 152              		.loc 1 77 0
 153 0018 87B0     		sub	sp, sp, #28
 154              		.cfi_def_cfa_offset 48
 155              	.LBB3:
  86:src/HAL/spi.c ****   
 156              		.loc 1 86 0
 157 001a 42F48052 		orr	r2, r2, #4096
 158 001e 9A61     		str	r2, [r3, #24]
 159 0020 9B69     		ldr	r3, [r3, #24]
 160              	.LBE3:
  95:src/HAL/spi.c ****     HAL_GPIO_Init(GPIOA, &GPIO_InitStruct);
 161              		.loc 1 95 0
 162 0022 02A9     		add	r1, sp, #8
 163              	.LBB4:
  86:src/HAL/spi.c ****   
 164              		.loc 1 86 0
 165 0024 03F48053 		and	r3, r3, #4096
 166 0028 0193     		str	r3, [sp, #4]
 167 002a 0446     		mov	r4, r0
 168              	.LBE4:
 169              		.loc 1 95 0
 170 002c 1148     		ldr	r0, .L20+4
 171              	.LVL3:
 172              	.LBB5:
  86:src/HAL/spi.c ****   
 173              		.loc 1 86 0
ARM GAS  /tmp/cc1vtIgl.s 			page 6


 174 002e 019B     		ldr	r3, [sp, #4]
 175              	.LBE5:
  93:src/HAL/spi.c ****     GPIO_InitStruct.Speed = GPIO_SPEED_FREQ_HIGH;
 176              		.loc 1 93 0
 177 0030 0396     		str	r6, [sp, #12]
  94:src/HAL/spi.c ****     HAL_GPIO_Init(GPIOA, &GPIO_InitStruct);
 178              		.loc 1 94 0
 179 0032 0595     		str	r5, [sp, #20]
  92:src/HAL/spi.c ****     GPIO_InitStruct.Mode = GPIO_MODE_AF_PP;
 180              		.loc 1 92 0
 181 0034 0297     		str	r7, [sp, #8]
  96:src/HAL/spi.c **** 
  97:src/HAL/spi.c ****     /* SPI1 DMA Init */
  98:src/HAL/spi.c ****     /* SPI1_TX Init */
  99:src/HAL/spi.c ****     hdma_spi1_tx.Instance = DMA1_Channel3;
 100:src/HAL/spi.c ****     hdma_spi1_tx.Init.Direction = DMA_MEMORY_TO_PERIPH;
 182              		.loc 1 100 0
 183 0036 1026     		movs	r6, #16
  95:src/HAL/spi.c **** 
 184              		.loc 1 95 0
 185 0038 FFF7FEFF 		bl	HAL_GPIO_Init
 186              	.LVL4:
 101:src/HAL/spi.c ****     hdma_spi1_tx.Init.PeriphInc = DMA_PINC_DISABLE;
 187              		.loc 1 101 0
 188 003c 0023     		movs	r3, #0
 102:src/HAL/spi.c ****     hdma_spi1_tx.Init.MemInc = DMA_MINC_ENABLE;
 189              		.loc 1 102 0
 190 003e 8022     		movs	r2, #128
  99:src/HAL/spi.c ****     hdma_spi1_tx.Init.Direction = DMA_MEMORY_TO_PERIPH;
 191              		.loc 1 99 0
 192 0040 0D4D     		ldr	r5, .L20+8
 193 0042 0E49     		ldr	r1, .L20+12
 103:src/HAL/spi.c ****     hdma_spi1_tx.Init.PeriphDataAlignment = DMA_PDATAALIGN_BYTE;
 104:src/HAL/spi.c ****     hdma_spi1_tx.Init.MemDataAlignment = DMA_MDATAALIGN_BYTE;
 105:src/HAL/spi.c ****     hdma_spi1_tx.Init.Mode = DMA_NORMAL;
 106:src/HAL/spi.c ****     hdma_spi1_tx.Init.Priority = DMA_PRIORITY_LOW;
 107:src/HAL/spi.c ****     if (HAL_DMA_Init(&hdma_spi1_tx) != HAL_OK)
 194              		.loc 1 107 0
 195 0044 2846     		mov	r0, r5
  99:src/HAL/spi.c ****     hdma_spi1_tx.Init.Direction = DMA_MEMORY_TO_PERIPH;
 196              		.loc 1 99 0
 197 0046 85E84200 		stm	r5, {r1, r6}
 102:src/HAL/spi.c ****     hdma_spi1_tx.Init.PeriphDataAlignment = DMA_PDATAALIGN_BYTE;
 198              		.loc 1 102 0
 199 004a EA60     		str	r2, [r5, #12]
 101:src/HAL/spi.c ****     hdma_spi1_tx.Init.MemInc = DMA_MINC_ENABLE;
 200              		.loc 1 101 0
 201 004c AB60     		str	r3, [r5, #8]
 103:src/HAL/spi.c ****     hdma_spi1_tx.Init.PeriphDataAlignment = DMA_PDATAALIGN_BYTE;
 202              		.loc 1 103 0
 203 004e 2B61     		str	r3, [r5, #16]
 104:src/HAL/spi.c ****     hdma_spi1_tx.Init.Mode = DMA_NORMAL;
 204              		.loc 1 104 0
 205 0050 6B61     		str	r3, [r5, #20]
 105:src/HAL/spi.c ****     hdma_spi1_tx.Init.Priority = DMA_PRIORITY_LOW;
 206              		.loc 1 105 0
 207 0052 AB61     		str	r3, [r5, #24]
ARM GAS  /tmp/cc1vtIgl.s 			page 7


 106:src/HAL/spi.c ****     if (HAL_DMA_Init(&hdma_spi1_tx) != HAL_OK)
 208              		.loc 1 106 0
 209 0054 EB61     		str	r3, [r5, #28]
 210              		.loc 1 107 0
 211 0056 FFF7FEFF 		bl	HAL_DMA_Init
 212              	.LVL5:
 213 005a 18B9     		cbnz	r0, .L19
 214              	.L10:
 108:src/HAL/spi.c ****     {
 109:src/HAL/spi.c ****       _Error_Handler(__FILE__, __LINE__);
 110:src/HAL/spi.c ****     }
 111:src/HAL/spi.c **** 
 112:src/HAL/spi.c ****     __HAL_LINKDMA(spiHandle,hdmatx,hdma_spi1_tx);
 215              		.loc 1 112 0
 216 005c A564     		str	r5, [r4, #72]
 217 005e 6C62     		str	r4, [r5, #36]
 113:src/HAL/spi.c **** 
 114:src/HAL/spi.c ****   /* USER CODE BEGIN SPI1_MspInit 1 */
 115:src/HAL/spi.c **** 
 116:src/HAL/spi.c ****   /* USER CODE END SPI1_MspInit 1 */
 117:src/HAL/spi.c ****   }
 118:src/HAL/spi.c **** }
 218              		.loc 1 118 0
 219 0060 07B0     		add	sp, sp, #28
 220              		.cfi_remember_state
 221              		.cfi_def_cfa_offset 20
 222              		@ sp needed
 223 0062 F0BD     		pop	{r4, r5, r6, r7, pc}
 224              	.LVL6:
 225              	.L19:
 226              		.cfi_restore_state
 109:src/HAL/spi.c ****     }
 227              		.loc 1 109 0
 228 0064 6D21     		movs	r1, #109
 229 0066 0648     		ldr	r0, .L20+16
 230 0068 FFF7FEFF 		bl	_Error_Handler
 231              	.LVL7:
 232 006c F6E7     		b	.L10
 233              	.L21:
 234 006e 00BF     		.align	2
 235              	.L20:
 236 0070 00300140 		.word	1073819648
 237 0074 00080140 		.word	1073809408
 238 0078 00000000 		.word	.LANCHOR1
 239 007c 30000240 		.word	1073872944
 240 0080 00000000 		.word	.LC0
 241              		.cfi_endproc
 242              	.LFE65:
 244              		.section	.text.HAL_SPI_MspDeInit,"ax",%progbits
 245              		.align	1
 246              		.p2align 2,,3
 247              		.global	HAL_SPI_MspDeInit
 248              		.syntax unified
 249              		.thumb
 250              		.thumb_func
 251              		.fpu softvfp
 253              	HAL_SPI_MspDeInit:
ARM GAS  /tmp/cc1vtIgl.s 			page 8


 254              	.LFB66:
 119:src/HAL/spi.c **** 
 120:src/HAL/spi.c **** void HAL_SPI_MspDeInit(SPI_HandleTypeDef* spiHandle)
 121:src/HAL/spi.c **** {
 255              		.loc 1 121 0
 256              		.cfi_startproc
 257              		@ args = 0, pretend = 0, frame = 0
 258              		@ frame_needed = 0, uses_anonymous_args = 0
 259              	.LVL8:
 122:src/HAL/spi.c **** 
 123:src/HAL/spi.c ****   if(spiHandle->Instance==SPI1)
 260              		.loc 1 123 0
 261 0000 0A4B     		ldr	r3, .L28
 262 0002 0268     		ldr	r2, [r0]
 263 0004 9A42     		cmp	r2, r3
 264 0006 00D0     		beq	.L27
 265 0008 7047     		bx	lr
 266              	.L27:
 121:src/HAL/spi.c **** 
 267              		.loc 1 121 0
 268 000a 10B5     		push	{r4, lr}
 269              		.cfi_def_cfa_offset 8
 270              		.cfi_offset 4, -8
 271              		.cfi_offset 14, -4
 272 000c 0446     		mov	r4, r0
 124:src/HAL/spi.c ****   {
 125:src/HAL/spi.c ****   /* USER CODE BEGIN SPI1_MspDeInit 0 */
 126:src/HAL/spi.c **** 
 127:src/HAL/spi.c ****   /* USER CODE END SPI1_MspDeInit 0 */
 128:src/HAL/spi.c ****     /* Peripheral clock disable */
 129:src/HAL/spi.c ****     __HAL_RCC_SPI1_CLK_DISABLE();
 273              		.loc 1 129 0
 274 000e 084A     		ldr	r2, .L28+4
 130:src/HAL/spi.c ****   
 131:src/HAL/spi.c ****     /**SPI1 GPIO Configuration    
 132:src/HAL/spi.c ****     PA5     ------> SPI1_SCK
 133:src/HAL/spi.c ****     PA7     ------> SPI1_MOSI 
 134:src/HAL/spi.c ****     */
 135:src/HAL/spi.c ****     HAL_GPIO_DeInit(GPIOA, GPIO_PIN_5|GPIO_PIN_7);
 275              		.loc 1 135 0
 276 0010 0848     		ldr	r0, .L28+8
 277              	.LVL9:
 129:src/HAL/spi.c ****   
 278              		.loc 1 129 0
 279 0012 9369     		ldr	r3, [r2, #24]
 280              		.loc 1 135 0
 281 0014 A021     		movs	r1, #160
 129:src/HAL/spi.c ****   
 282              		.loc 1 129 0
 283 0016 23F48053 		bic	r3, r3, #4096
 284 001a 9361     		str	r3, [r2, #24]
 285              		.loc 1 135 0
 286 001c FFF7FEFF 		bl	HAL_GPIO_DeInit
 287              	.LVL10:
 136:src/HAL/spi.c **** 
 137:src/HAL/spi.c ****     /* SPI1 DMA DeInit */
 138:src/HAL/spi.c ****     HAL_DMA_DeInit(spiHandle->hdmatx);
ARM GAS  /tmp/cc1vtIgl.s 			page 9


 288              		.loc 1 138 0
 289 0020 A06C     		ldr	r0, [r4, #72]
 139:src/HAL/spi.c ****   /* USER CODE BEGIN SPI1_MspDeInit 1 */
 140:src/HAL/spi.c **** 
 141:src/HAL/spi.c ****   /* USER CODE END SPI1_MspDeInit 1 */
 142:src/HAL/spi.c ****   }
 143:src/HAL/spi.c **** } 
 290              		.loc 1 143 0
 291 0022 BDE81040 		pop	{r4, lr}
 292              		.cfi_restore 14
 293              		.cfi_restore 4
 294              		.cfi_def_cfa_offset 0
 295              	.LVL11:
 138:src/HAL/spi.c ****   /* USER CODE BEGIN SPI1_MspDeInit 1 */
 296              		.loc 1 138 0
 297 0026 FFF7FEBF 		b	HAL_DMA_DeInit
 298              	.LVL12:
 299              	.L29:
 300 002a 00BF     		.align	2
 301              	.L28:
 302 002c 00300140 		.word	1073819648
 303 0030 00100240 		.word	1073876992
 304 0034 00080140 		.word	1073809408
 305              		.cfi_endproc
 306              	.LFE66:
 308              		.global	hdma_spi1_tx
 309              		.global	hspi1
 310              		.section	.bss.hdma_spi1_tx,"aw",%nobits
 311              		.align	2
 312              		.set	.LANCHOR1,. + 0
 315              	hdma_spi1_tx:
 316 0000 00000000 		.space	68
 316      00000000 
 316      00000000 
 316      00000000 
 316      00000000 
 317              		.section	.bss.hspi1,"aw",%nobits
 318              		.align	2
 319              		.set	.LANCHOR0,. + 0
 322              	hspi1:
 323 0000 00000000 		.space	88
 323      00000000 
 323      00000000 
 323      00000000 
 323      00000000 
 324              		.section	.rodata.MX_SPI1_Init.str1.4,"aMS",%progbits,1
 325              		.align	2
 326              	.LC0:
 327 0000 7372632F 		.ascii	"src/HAL/spi.c\000"
 327      48414C2F 
 327      7370692E 
 327      6300
 328              		.text
 329              	.Letext0:
 330              		.file 2 "/home/vdykyy/Install/STM-32/gcc-arm-none-eabi-6-2017-q2-update/lib/gcc/arm-none-eabi/6.3.
 331              		.file 3 "drivers/CMSIS/Include/core_cm3.h"
 332              		.file 4 "drivers/CMSIS/Device/ST/STM32F1xx/Include/system_stm32f1xx.h"
ARM GAS  /tmp/cc1vtIgl.s 			page 10


 333              		.file 5 "drivers/CMSIS/Device/ST/STM32F1xx/Include/stm32f103xb.h"
 334              		.file 6 "/home/vdykyy/Install/STM-32/gcc-arm-none-eabi-6-2017-q2-update/arm-none-eabi/include/sys/
 335              		.file 7 "/home/vdykyy/Install/STM-32/gcc-arm-none-eabi-6-2017-q2-update/arm-none-eabi/include/sys/
 336              		.file 8 "/home/vdykyy/Install/STM-32/gcc-arm-none-eabi-6-2017-q2-update/lib/gcc/arm-none-eabi/6.3.
 337              		.file 9 "/home/vdykyy/Install/STM-32/gcc-arm-none-eabi-6-2017-q2-update/arm-none-eabi/include/sys/
 338              		.file 10 "drivers/STM32F1xx_HAL_Driver/Inc/stm32f1xx_hal_def.h"
 339              		.file 11 "drivers/STM32F1xx_HAL_Driver/Inc/stm32f1xx_hal_gpio.h"
 340              		.file 12 "drivers/STM32F1xx_HAL_Driver/Inc/stm32f1xx_hal_dma.h"
 341              		.file 13 "drivers/STM32F1xx_HAL_Driver/Inc/stm32f1xx_hal_spi.h"
 342              		.file 14 "src/HAL/spi.h"
 343              		.file 15 "src/HAL/dma.h"
ARM GAS  /tmp/cc1vtIgl.s 			page 11


DEFINED SYMBOLS
                            *ABS*:0000000000000000 spi.c
     /tmp/cc1vtIgl.s:16     .text.MX_SPI1_Init:0000000000000000 $t
     /tmp/cc1vtIgl.s:24     .text.MX_SPI1_Init:0000000000000000 MX_SPI1_Init
     /tmp/cc1vtIgl.s:104    .text.MX_SPI1_Init:0000000000000048 $d
     /tmp/cc1vtIgl.s:111    .text.HAL_SPI_MspInit:0000000000000000 $t
     /tmp/cc1vtIgl.s:119    .text.HAL_SPI_MspInit:0000000000000000 HAL_SPI_MspInit
     /tmp/cc1vtIgl.s:236    .text.HAL_SPI_MspInit:0000000000000070 $d
     /tmp/cc1vtIgl.s:245    .text.HAL_SPI_MspDeInit:0000000000000000 $t
     /tmp/cc1vtIgl.s:253    .text.HAL_SPI_MspDeInit:0000000000000000 HAL_SPI_MspDeInit
     /tmp/cc1vtIgl.s:302    .text.HAL_SPI_MspDeInit:000000000000002c $d
     /tmp/cc1vtIgl.s:315    .bss.hdma_spi1_tx:0000000000000000 hdma_spi1_tx
     /tmp/cc1vtIgl.s:322    .bss.hspi1:0000000000000000 hspi1
     /tmp/cc1vtIgl.s:311    .bss.hdma_spi1_tx:0000000000000000 $d
     /tmp/cc1vtIgl.s:318    .bss.hspi1:0000000000000000 $d
     /tmp/cc1vtIgl.s:325    .rodata.MX_SPI1_Init.str1.4:0000000000000000 $d
                     .debug_frame:0000000000000010 $d
                           .group:0000000000000000 wm4.0.8ddc6fc9299f63009459649d6a7e7c51
                           .group:0000000000000000 wm4.main.h.40.54e5213d35853f8debd8cd48178ac5c1
                           .group:0000000000000000 wm4.stm32f1xx_hal_conf.h.52.96cb61986c8bfeb3a4fa629a7a7441f6
                           .group:0000000000000000 wm4.stm32f1xx.h.57.c2a10934f4c6830aeb7e4997f02806f1
                           .group:0000000000000000 wm4.stm32f103xb.h.56.66305a77cea9d5300aac997a78930076
                           .group:0000000000000000 wm4.stdintgcc.h.29.6d480f4ba0f60596e88234283d42444f
                           .group:0000000000000000 wm4.core_cm3.h.74.7d5fecd6d4522d755d10a23d1542f805
                           .group:0000000000000000 wm4.cmsis_gcc.h.36.67d2dcde6a14ff518eedc1d545d89a76
                           .group:0000000000000000 wm4.core_cm3.h.175.a6c441adf1a05ce96eea3cf78e6687ab
                           .group:0000000000000000 wm4.stm32f103xb.h.619.382b3c85cac6f0350ee5bfaff32e1ebc
                           .group:0000000000000000 wm4.stm32f1xx.h.180.c0013e6ebd6ad07f67c298190b8eac92
                           .group:0000000000000000 wm4._newlib_version.h.4.3572908597b70d672d181fc7fc501c19
                           .group:0000000000000000 wm4.newlib.h.21.59901f4bf241ab46c63694665baa7297
                           .group:0000000000000000 wm4.features.h.22.5cdadbb3efe495d1c9e38350b8c376c7
                           .group:0000000000000000 wm4.config.h.219.65a553ab5bef5482f0d7880b0d33015e
                           .group:0000000000000000 wm4._ansi.h.23.9f8fcfa20193763fcf364fb91705c94b
                           .group:0000000000000000 wm4.stdio.h.31.7c0e28c411445f3f9c5b11accf882760
                           .group:0000000000000000 wm4._default_types.h.6.959254cf5f09734ea7516c89e8bb21bd
                           .group:0000000000000000 wm4.stddef.h.187.2ff233552538c6ff9b8575ca8ea52cb3
                           .group:0000000000000000 wm4.cdefs.h.47.e658329a094974ebad41b40c60502de7
                           .group:0000000000000000 wm4.stddef.h.39.ec95e8feac892e292b69dc7ae75b0d64
                           .group:0000000000000000 wm4.stdarg.h.34.3a23a216c0c293b3d2ea2e89281481e6
                           .group:0000000000000000 wm4.lock.h.2.1461d1fff82dffe8bfddc23307f6484f
                           .group:0000000000000000 wm4._types.h.125.5cf8a495f1f7ef36777ad868a1e32068
                           .group:0000000000000000 wm4.stddef.h.161.5349cb105733e8777bfb0cf53c4e3f34
                           .group:0000000000000000 wm4._types.h.183.c226d164ceca1f2ecb9ae9360c54a098
                           .group:0000000000000000 wm4.reent.h.17.23b059516345f8f5abfa01ddc379570f
                           .group:0000000000000000 wm4.types.h.40.e8c16e7ec36ba55f133d0616070e25fc
                           .group:0000000000000000 wm4._stdint.h.10.c24fa3af3bc1706662bb5593a907e841
                           .group:0000000000000000 wm4._endian.h.31.65a10590763c3dde1ac4a7f66d7d4891
                           .group:0000000000000000 wm4.endian.h.9.49f3a4695c1b61e8a0808de3c4a106cb
                           .group:0000000000000000 wm4._timeval.h.30.0e8bfd94e85db17dda3286ee81496fe6
                           .group:0000000000000000 wm4.timespec.h.41.d855182eb0e690443ab8651bcedca6e1
                           .group:0000000000000000 wm4.select.h.30.bbece7fa40993a78092dcc5805132560
                           .group:0000000000000000 wm4.types.h.69.ed3eae3cf73030a737515151ebcab7a1
                           .group:0000000000000000 wm4.stdio.h.2.4aa87247282eca6c8f36f9de33d8df1a
                           .group:0000000000000000 wm4.stdio.h.81.8188691c2279eac7a223caa50f6694b9
                           .group:0000000000000000 wm4.stm32f1xx_hal_def.h.77.f54bfbbe3e3696aae97b05a3f338caf7
                           .group:0000000000000000 wm4.stm32f1xx_hal_rcc.h.112.09261d6ad0eef5abae6b9147d0cf5cbf
                           .group:0000000000000000 wm4.stm32f1xx_hal_rcc_ex.h.40.bb785d717afc4d2d2b63a3608cb5a0c5
ARM GAS  /tmp/cc1vtIgl.s 			page 12


                           .group:0000000000000000 wm4.stm32f1xx_hal_rcc.h.1219.902328474751456408f7d18f6caace93
                           .group:0000000000000000 wm4.stm32f1xx_hal_gpio.h.40.f1cf5d2dd589e1675a9fcd6b008c2bb6
                           .group:0000000000000000 wm4.stm32f1xx_hal_gpio_ex.h.40.30d74584c89dcd3d86d10bdbbb06cc31
                           .group:0000000000000000 wm4.stm32f1xx_hal_gpio.h.281.b26a95114b989e6edaf48d72c8710b9d
                           .group:0000000000000000 wm4.stm32f1xx_hal_dma.h.40.b1d5b41c58b583c31c61335e4c8e1bdd
                           .group:0000000000000000 wm4.stm32f1xx_hal_dma_ex.h.40.7ac05bbf95f5a25a3f4a9b9c2a14f835
                           .group:0000000000000000 wm4.stm32f1xx_hal_dma.h.427.daddf65c60854feb2dc9660a62f55b8c
                           .group:0000000000000000 wm4.stm32f1xx_hal_cortex.h.40.4f649a8bf316b7aa5d02077abd9b8999
                           .group:0000000000000000 wm4.stm32f1xx_hal_adc.h.40.3ad40e622f0cef64228eb182e4bbe00f
                           .group:0000000000000000 wm4.stm32f1xx_hal_adc_ex.h.40.3118796521817cc82626257e9c7ab79c
                           .group:0000000000000000 wm4.stm32f1xx_hal_flash.h.40.12aaef98e1fbb85e3a8f79f98532d04a
                           .group:0000000000000000 wm4.stm32f1xx_hal_flash_ex.h.40.ad66c77e153bc5a4a1d60e46727f4ae5
                           .group:0000000000000000 wm4.stm32f1xx_hal_pwr.h.40.ecccf9071314b0ab3f6ffcfd7c596e95
                           .group:0000000000000000 wm4.stm32f1xx_hal_spi.h.40.5dd367ee94b0bb430a3842862fe7d7da
                           .group:0000000000000000 wm4.stm32f1xx_hal_tim.h.40.ac3feb225ff72b119eeddfe8acac07a3
                           .group:0000000000000000 wm4.stm32f1xx_hal_tim_ex.h.40.9b926a51c24898708ad2e47fd5ff9d32
                           .group:0000000000000000 wm4.stm32f1xx_hal_uart.h.40.9914ca79b81d8b23b4e5425c156b0acd
                           .group:0000000000000000 wm4.stm32f1xx_hal.h.82.f2fd9c01c6f8c9e676a37d84eb9dc553

UNDEFINED SYMBOLS
HAL_SPI_Init
_Error_Handler
HAL_GPIO_Init
HAL_DMA_Init
HAL_GPIO_DeInit
HAL_DMA_DeInit
