ARM GAS  /tmp/ccff01Nw.s 			page 1


   1              		.cpu cortex-m3
   2              		.eabi_attribute 20, 1
   3              		.eabi_attribute 21, 1
   4              		.eabi_attribute 23, 3
   5              		.eabi_attribute 24, 1
   6              		.eabi_attribute 25, 1
   7              		.eabi_attribute 26, 1
   8              		.eabi_attribute 30, 2
   9              		.eabi_attribute 34, 1
  10              		.eabi_attribute 18, 4
  11              		.file	"stm32f1xx_hal_spi_ex.c"
  12              		.text
  13              	.Ltext0:
  14              		.cfi_sections	.debug_frame
  15              		.section	.text.HAL_SPI_Init,"ax",%progbits
  16              		.align	1
  17              		.p2align 2,,3
  18              		.global	HAL_SPI_Init
  19              		.syntax unified
  20              		.thumb
  21              		.thumb_func
  22              		.fpu softvfp
  24              	HAL_SPI_Init:
  25              	.LFB64:
  26              		.file 1 "drivers/STM32F1xx_HAL_Driver/Src/stm32f1xx_hal_spi_ex.c"
   1:drivers/STM32F1xx_HAL_Driver/Src/stm32f1xx_hal_spi_ex.c **** /**
   2:drivers/STM32F1xx_HAL_Driver/Src/stm32f1xx_hal_spi_ex.c ****   ******************************************************************************
   3:drivers/STM32F1xx_HAL_Driver/Src/stm32f1xx_hal_spi_ex.c ****   * @file    stm32f1xx_hal_spi_ex.c
   4:drivers/STM32F1xx_HAL_Driver/Src/stm32f1xx_hal_spi_ex.c ****   * @author  MCD Application Team
   5:drivers/STM32F1xx_HAL_Driver/Src/stm32f1xx_hal_spi_ex.c ****   * @version V1.1.1
   6:drivers/STM32F1xx_HAL_Driver/Src/stm32f1xx_hal_spi_ex.c ****   * @date    12-May-2017
   7:drivers/STM32F1xx_HAL_Driver/Src/stm32f1xx_hal_spi_ex.c ****   * @brief   Extended SPI HAL module driver.
   8:drivers/STM32F1xx_HAL_Driver/Src/stm32f1xx_hal_spi_ex.c ****   *    
   9:drivers/STM32F1xx_HAL_Driver/Src/stm32f1xx_hal_spi_ex.c ****   *          This file provides firmware functions to manage the following 
  10:drivers/STM32F1xx_HAL_Driver/Src/stm32f1xx_hal_spi_ex.c ****   *          functionalities SPI extension peripheral:
  11:drivers/STM32F1xx_HAL_Driver/Src/stm32f1xx_hal_spi_ex.c ****   *           + Extended Peripheral Control functions
  12:drivers/STM32F1xx_HAL_Driver/Src/stm32f1xx_hal_spi_ex.c ****   *  
  13:drivers/STM32F1xx_HAL_Driver/Src/stm32f1xx_hal_spi_ex.c ****   ******************************************************************************
  14:drivers/STM32F1xx_HAL_Driver/Src/stm32f1xx_hal_spi_ex.c ****   * @attention
  15:drivers/STM32F1xx_HAL_Driver/Src/stm32f1xx_hal_spi_ex.c ****   *
  16:drivers/STM32F1xx_HAL_Driver/Src/stm32f1xx_hal_spi_ex.c ****   * <h2><center>&copy; COPYRIGHT(c) 2016 STMicroelectronics</center></h2>
  17:drivers/STM32F1xx_HAL_Driver/Src/stm32f1xx_hal_spi_ex.c ****   *
  18:drivers/STM32F1xx_HAL_Driver/Src/stm32f1xx_hal_spi_ex.c ****   * Redistribution and use in source and binary forms, with or without modification,
  19:drivers/STM32F1xx_HAL_Driver/Src/stm32f1xx_hal_spi_ex.c ****   * are permitted provided that the following conditions are met:
  20:drivers/STM32F1xx_HAL_Driver/Src/stm32f1xx_hal_spi_ex.c ****   *   1. Redistributions of source code must retain the above copyright notice,
  21:drivers/STM32F1xx_HAL_Driver/Src/stm32f1xx_hal_spi_ex.c ****   *      this list of conditions and the following disclaimer.
  22:drivers/STM32F1xx_HAL_Driver/Src/stm32f1xx_hal_spi_ex.c ****   *   2. Redistributions in binary form must reproduce the above copyright notice,
  23:drivers/STM32F1xx_HAL_Driver/Src/stm32f1xx_hal_spi_ex.c ****   *      this list of conditions and the following disclaimer in the documentation
  24:drivers/STM32F1xx_HAL_Driver/Src/stm32f1xx_hal_spi_ex.c ****   *      and/or other materials provided with the distribution.
  25:drivers/STM32F1xx_HAL_Driver/Src/stm32f1xx_hal_spi_ex.c ****   *   3. Neither the name of STMicroelectronics nor the names of its contributors
  26:drivers/STM32F1xx_HAL_Driver/Src/stm32f1xx_hal_spi_ex.c ****   *      may be used to endorse or promote products derived from this software
  27:drivers/STM32F1xx_HAL_Driver/Src/stm32f1xx_hal_spi_ex.c ****   *      without specific prior written permission.
  28:drivers/STM32F1xx_HAL_Driver/Src/stm32f1xx_hal_spi_ex.c ****   *
  29:drivers/STM32F1xx_HAL_Driver/Src/stm32f1xx_hal_spi_ex.c ****   * THIS SOFTWARE IS PROVIDED BY THE COPYRIGHT HOLDERS AND CONTRIBUTORS "AS IS"
  30:drivers/STM32F1xx_HAL_Driver/Src/stm32f1xx_hal_spi_ex.c ****   * AND ANY EXPRESS OR IMPLIED WARRANTIES, INCLUDING, BUT NOT LIMITED TO, THE
  31:drivers/STM32F1xx_HAL_Driver/Src/stm32f1xx_hal_spi_ex.c ****   * IMPLIED WARRANTIES OF MERCHANTABILITY AND FITNESS FOR A PARTICULAR PURPOSE ARE
  32:drivers/STM32F1xx_HAL_Driver/Src/stm32f1xx_hal_spi_ex.c ****   * DISCLAIMED. IN NO EVENT SHALL THE COPYRIGHT HOLDER OR CONTRIBUTORS BE LIABLE
ARM GAS  /tmp/ccff01Nw.s 			page 2


  33:drivers/STM32F1xx_HAL_Driver/Src/stm32f1xx_hal_spi_ex.c ****   * FOR ANY DIRECT, INDIRECT, INCIDENTAL, SPECIAL, EXEMPLARY, OR CONSEQUENTIAL
  34:drivers/STM32F1xx_HAL_Driver/Src/stm32f1xx_hal_spi_ex.c ****   * DAMAGES (INCLUDING, BUT NOT LIMITED TO, PROCUREMENT OF SUBSTITUTE GOODS OR
  35:drivers/STM32F1xx_HAL_Driver/Src/stm32f1xx_hal_spi_ex.c ****   * SERVICES; LOSS OF USE, DATA, OR PROFITS; OR BUSINESS INTERRUPTION) HOWEVER
  36:drivers/STM32F1xx_HAL_Driver/Src/stm32f1xx_hal_spi_ex.c ****   * CAUSED AND ON ANY THEORY OF LIABILITY, WHETHER IN CONTRACT, STRICT LIABILITY,
  37:drivers/STM32F1xx_HAL_Driver/Src/stm32f1xx_hal_spi_ex.c ****   * OR TORT (INCLUDING NEGLIGENCE OR OTHERWISE) ARISING IN ANY WAY OUT OF THE USE
  38:drivers/STM32F1xx_HAL_Driver/Src/stm32f1xx_hal_spi_ex.c ****   * OF THIS SOFTWARE, EVEN IF ADVISED OF THE POSSIBILITY OF SUCH DAMAGE.
  39:drivers/STM32F1xx_HAL_Driver/Src/stm32f1xx_hal_spi_ex.c ****   *
  40:drivers/STM32F1xx_HAL_Driver/Src/stm32f1xx_hal_spi_ex.c ****   ******************************************************************************
  41:drivers/STM32F1xx_HAL_Driver/Src/stm32f1xx_hal_spi_ex.c ****   */
  42:drivers/STM32F1xx_HAL_Driver/Src/stm32f1xx_hal_spi_ex.c **** 
  43:drivers/STM32F1xx_HAL_Driver/Src/stm32f1xx_hal_spi_ex.c **** /* Includes ------------------------------------------------------------------*/
  44:drivers/STM32F1xx_HAL_Driver/Src/stm32f1xx_hal_spi_ex.c **** #include "stm32f1xx_hal.h"
  45:drivers/STM32F1xx_HAL_Driver/Src/stm32f1xx_hal_spi_ex.c **** 
  46:drivers/STM32F1xx_HAL_Driver/Src/stm32f1xx_hal_spi_ex.c **** /** @addtogroup STM32F1xx_HAL_Driver
  47:drivers/STM32F1xx_HAL_Driver/Src/stm32f1xx_hal_spi_ex.c ****   * @{
  48:drivers/STM32F1xx_HAL_Driver/Src/stm32f1xx_hal_spi_ex.c ****   */
  49:drivers/STM32F1xx_HAL_Driver/Src/stm32f1xx_hal_spi_ex.c **** 
  50:drivers/STM32F1xx_HAL_Driver/Src/stm32f1xx_hal_spi_ex.c **** /** @addtogroup SPI
  51:drivers/STM32F1xx_HAL_Driver/Src/stm32f1xx_hal_spi_ex.c ****   * @{
  52:drivers/STM32F1xx_HAL_Driver/Src/stm32f1xx_hal_spi_ex.c ****   */
  53:drivers/STM32F1xx_HAL_Driver/Src/stm32f1xx_hal_spi_ex.c **** #ifdef HAL_SPI_MODULE_ENABLED
  54:drivers/STM32F1xx_HAL_Driver/Src/stm32f1xx_hal_spi_ex.c **** 
  55:drivers/STM32F1xx_HAL_Driver/Src/stm32f1xx_hal_spi_ex.c **** /** @defgroup SPI_Private_Variables SPI Private Variables
  56:drivers/STM32F1xx_HAL_Driver/Src/stm32f1xx_hal_spi_ex.c ****   * @{
  57:drivers/STM32F1xx_HAL_Driver/Src/stm32f1xx_hal_spi_ex.c ****   */
  58:drivers/STM32F1xx_HAL_Driver/Src/stm32f1xx_hal_spi_ex.c **** #if (USE_SPI_CRC != 0U)
  59:drivers/STM32F1xx_HAL_Driver/Src/stm32f1xx_hal_spi_ex.c **** /* Variable used to determine if device is impacted by implementation of workaround
  60:drivers/STM32F1xx_HAL_Driver/Src/stm32f1xx_hal_spi_ex.c ****    related to wrong CRC errors detection on SPI2. Conditions in which this workaround has to be app
  61:drivers/STM32F1xx_HAL_Driver/Src/stm32f1xx_hal_spi_ex.c ****     - STM32F101CDE/STM32F103CDE
  62:drivers/STM32F1xx_HAL_Driver/Src/stm32f1xx_hal_spi_ex.c ****     - Revision ID : Z
  63:drivers/STM32F1xx_HAL_Driver/Src/stm32f1xx_hal_spi_ex.c ****     - SPI2
  64:drivers/STM32F1xx_HAL_Driver/Src/stm32f1xx_hal_spi_ex.c ****     - In receive only mode, with CRC calculation enabled, at the end of the CRC reception,
  65:drivers/STM32F1xx_HAL_Driver/Src/stm32f1xx_hal_spi_ex.c ****       the software needs to check the CRCERR flag. If it is found set, read back the SPI_RXCRC:
  66:drivers/STM32F1xx_HAL_Driver/Src/stm32f1xx_hal_spi_ex.c ****         + If the value is 0, the complete data transfer is successful.
  67:drivers/STM32F1xx_HAL_Driver/Src/stm32f1xx_hal_spi_ex.c ****         + Otherwise, one or more errors have been detected during the data transfer by CPU or DMA.
  68:drivers/STM32F1xx_HAL_Driver/Src/stm32f1xx_hal_spi_ex.c ****       If CRCERR is found reset, the complete data transfer is considered successful.
  69:drivers/STM32F1xx_HAL_Driver/Src/stm32f1xx_hal_spi_ex.c **** */
  70:drivers/STM32F1xx_HAL_Driver/Src/stm32f1xx_hal_spi_ex.c **** uint8_t uCRCErrorWorkaroundCheck = 0U;
  71:drivers/STM32F1xx_HAL_Driver/Src/stm32f1xx_hal_spi_ex.c **** #endif /* USE_SPI_CRC */
  72:drivers/STM32F1xx_HAL_Driver/Src/stm32f1xx_hal_spi_ex.c **** /**
  73:drivers/STM32F1xx_HAL_Driver/Src/stm32f1xx_hal_spi_ex.c ****   * @}
  74:drivers/STM32F1xx_HAL_Driver/Src/stm32f1xx_hal_spi_ex.c ****   */
  75:drivers/STM32F1xx_HAL_Driver/Src/stm32f1xx_hal_spi_ex.c **** 
  76:drivers/STM32F1xx_HAL_Driver/Src/stm32f1xx_hal_spi_ex.c **** 
  77:drivers/STM32F1xx_HAL_Driver/Src/stm32f1xx_hal_spi_ex.c **** /* Private typedef -----------------------------------------------------------*/
  78:drivers/STM32F1xx_HAL_Driver/Src/stm32f1xx_hal_spi_ex.c **** /* Private define ------------------------------------------------------------*/
  79:drivers/STM32F1xx_HAL_Driver/Src/stm32f1xx_hal_spi_ex.c **** /* Private macro -------------------------------------------------------------*/
  80:drivers/STM32F1xx_HAL_Driver/Src/stm32f1xx_hal_spi_ex.c **** /* Private variables ---------------------------------------------------------*/
  81:drivers/STM32F1xx_HAL_Driver/Src/stm32f1xx_hal_spi_ex.c **** /* Private function prototypes -----------------------------------------------*/
  82:drivers/STM32F1xx_HAL_Driver/Src/stm32f1xx_hal_spi_ex.c **** /* Private functions ---------------------------------------------------------*/
  83:drivers/STM32F1xx_HAL_Driver/Src/stm32f1xx_hal_spi_ex.c **** 
  84:drivers/STM32F1xx_HAL_Driver/Src/stm32f1xx_hal_spi_ex.c **** /** @addtogroup SPI_Exported_Functions
  85:drivers/STM32F1xx_HAL_Driver/Src/stm32f1xx_hal_spi_ex.c ****   * @{
  86:drivers/STM32F1xx_HAL_Driver/Src/stm32f1xx_hal_spi_ex.c ****   */
  87:drivers/STM32F1xx_HAL_Driver/Src/stm32f1xx_hal_spi_ex.c **** 
  88:drivers/STM32F1xx_HAL_Driver/Src/stm32f1xx_hal_spi_ex.c **** /** @addtogroup SPI_Exported_Functions_Group1
  89:drivers/STM32F1xx_HAL_Driver/Src/stm32f1xx_hal_spi_ex.c ****   *
ARM GAS  /tmp/ccff01Nw.s 			page 3


  90:drivers/STM32F1xx_HAL_Driver/Src/stm32f1xx_hal_spi_ex.c ****   * @{
  91:drivers/STM32F1xx_HAL_Driver/Src/stm32f1xx_hal_spi_ex.c ****   */
  92:drivers/STM32F1xx_HAL_Driver/Src/stm32f1xx_hal_spi_ex.c **** 
  93:drivers/STM32F1xx_HAL_Driver/Src/stm32f1xx_hal_spi_ex.c **** /**
  94:drivers/STM32F1xx_HAL_Driver/Src/stm32f1xx_hal_spi_ex.c ****   * @brief  Initializes the SPI according to the specified parameters 
  95:drivers/STM32F1xx_HAL_Driver/Src/stm32f1xx_hal_spi_ex.c ****   *         in the SPI_InitTypeDef and create the associated handle.
  96:drivers/STM32F1xx_HAL_Driver/Src/stm32f1xx_hal_spi_ex.c ****   * @param  hspi: pointer to a SPI_HandleTypeDef structure that contains
  97:drivers/STM32F1xx_HAL_Driver/Src/stm32f1xx_hal_spi_ex.c ****   *                the configuration information for SPI module.
  98:drivers/STM32F1xx_HAL_Driver/Src/stm32f1xx_hal_spi_ex.c ****   * @retval HAL status
  99:drivers/STM32F1xx_HAL_Driver/Src/stm32f1xx_hal_spi_ex.c ****   */
 100:drivers/STM32F1xx_HAL_Driver/Src/stm32f1xx_hal_spi_ex.c **** HAL_StatusTypeDef HAL_SPI_Init(SPI_HandleTypeDef *hspi)
 101:drivers/STM32F1xx_HAL_Driver/Src/stm32f1xx_hal_spi_ex.c **** {
  27              		.loc 1 101 0
  28              		.cfi_startproc
  29              		@ args = 0, pretend = 0, frame = 0
  30              		@ frame_needed = 0, uses_anonymous_args = 0
  31              	.LVL0:
 102:drivers/STM32F1xx_HAL_Driver/Src/stm32f1xx_hal_spi_ex.c ****   /* Check the SPI handle allocation */
 103:drivers/STM32F1xx_HAL_Driver/Src/stm32f1xx_hal_spi_ex.c ****   if(hspi == NULL)
  32              		.loc 1 103 0
  33 0000 0028     		cmp	r0, #0
  34 0002 38D0     		beq	.L4
 101:drivers/STM32F1xx_HAL_Driver/Src/stm32f1xx_hal_spi_ex.c ****   /* Check the SPI handle allocation */
  35              		.loc 1 101 0
  36 0004 F8B5     		push	{r3, r4, r5, r6, r7, lr}
  37              		.cfi_def_cfa_offset 24
  38              		.cfi_offset 3, -24
  39              		.cfi_offset 4, -20
  40              		.cfi_offset 5, -16
  41              		.cfi_offset 6, -12
  42              		.cfi_offset 7, -8
  43              		.cfi_offset 14, -4
 104:drivers/STM32F1xx_HAL_Driver/Src/stm32f1xx_hal_spi_ex.c ****   {
 105:drivers/STM32F1xx_HAL_Driver/Src/stm32f1xx_hal_spi_ex.c ****     return HAL_ERROR;
 106:drivers/STM32F1xx_HAL_Driver/Src/stm32f1xx_hal_spi_ex.c ****   }
 107:drivers/STM32F1xx_HAL_Driver/Src/stm32f1xx_hal_spi_ex.c **** 
 108:drivers/STM32F1xx_HAL_Driver/Src/stm32f1xx_hal_spi_ex.c ****   /* Check the parameters */
 109:drivers/STM32F1xx_HAL_Driver/Src/stm32f1xx_hal_spi_ex.c ****   assert_param(IS_SPI_ALL_INSTANCE(hspi->Instance));
 110:drivers/STM32F1xx_HAL_Driver/Src/stm32f1xx_hal_spi_ex.c ****   assert_param(IS_SPI_MODE(hspi->Init.Mode));
 111:drivers/STM32F1xx_HAL_Driver/Src/stm32f1xx_hal_spi_ex.c ****   assert_param(IS_SPI_DIRECTION(hspi->Init.Direction));
 112:drivers/STM32F1xx_HAL_Driver/Src/stm32f1xx_hal_spi_ex.c ****   assert_param(IS_SPI_DATASIZE(hspi->Init.DataSize));
 113:drivers/STM32F1xx_HAL_Driver/Src/stm32f1xx_hal_spi_ex.c ****   assert_param(IS_SPI_CPOL(hspi->Init.CLKPolarity));
 114:drivers/STM32F1xx_HAL_Driver/Src/stm32f1xx_hal_spi_ex.c ****   assert_param(IS_SPI_CPHA(hspi->Init.CLKPhase));
 115:drivers/STM32F1xx_HAL_Driver/Src/stm32f1xx_hal_spi_ex.c ****   assert_param(IS_SPI_NSS(hspi->Init.NSS));
 116:drivers/STM32F1xx_HAL_Driver/Src/stm32f1xx_hal_spi_ex.c ****   assert_param(IS_SPI_BAUDRATE_PRESCALER(hspi->Init.BaudRatePrescaler));
 117:drivers/STM32F1xx_HAL_Driver/Src/stm32f1xx_hal_spi_ex.c ****   assert_param(IS_SPI_FIRST_BIT(hspi->Init.FirstBit));
 118:drivers/STM32F1xx_HAL_Driver/Src/stm32f1xx_hal_spi_ex.c **** 
 119:drivers/STM32F1xx_HAL_Driver/Src/stm32f1xx_hal_spi_ex.c **** #if (USE_SPI_CRC != 0U)
 120:drivers/STM32F1xx_HAL_Driver/Src/stm32f1xx_hal_spi_ex.c ****   assert_param(IS_SPI_CRC_CALCULATION(hspi->Init.CRCCalculation));
 121:drivers/STM32F1xx_HAL_Driver/Src/stm32f1xx_hal_spi_ex.c ****   if(hspi->Init.CRCCalculation == SPI_CRCCALCULATION_ENABLE)
 122:drivers/STM32F1xx_HAL_Driver/Src/stm32f1xx_hal_spi_ex.c ****   {
 123:drivers/STM32F1xx_HAL_Driver/Src/stm32f1xx_hal_spi_ex.c ****     assert_param(IS_SPI_CRC_POLYNOMIAL(hspi->Init.CRCPolynomial));
 124:drivers/STM32F1xx_HAL_Driver/Src/stm32f1xx_hal_spi_ex.c ****   }
 125:drivers/STM32F1xx_HAL_Driver/Src/stm32f1xx_hal_spi_ex.c **** #else
 126:drivers/STM32F1xx_HAL_Driver/Src/stm32f1xx_hal_spi_ex.c ****   hspi->Init.CRCCalculation = SPI_CRCCALCULATION_DISABLE;
 127:drivers/STM32F1xx_HAL_Driver/Src/stm32f1xx_hal_spi_ex.c **** #endif /* USE_SPI_CRC */
 128:drivers/STM32F1xx_HAL_Driver/Src/stm32f1xx_hal_spi_ex.c **** 
ARM GAS  /tmp/ccff01Nw.s 			page 4


 129:drivers/STM32F1xx_HAL_Driver/Src/stm32f1xx_hal_spi_ex.c ****   if(hspi->State == HAL_SPI_STATE_RESET)
  44              		.loc 1 129 0
  45 0006 90F85130 		ldrb	r3, [r0, #81]	@ zero_extendqisi2
  46 000a 0446     		mov	r4, r0
  47 000c 002B     		cmp	r3, #0
  48 000e 2FD0     		beq	.L10
  49              	.LVL1:
  50              	.L3:
 130:drivers/STM32F1xx_HAL_Driver/Src/stm32f1xx_hal_spi_ex.c ****   {
 131:drivers/STM32F1xx_HAL_Driver/Src/stm32f1xx_hal_spi_ex.c ****     /* Init the low level hardware : GPIO, CLOCK, NVIC... */
 132:drivers/STM32F1xx_HAL_Driver/Src/stm32f1xx_hal_spi_ex.c ****     HAL_SPI_MspInit(hspi);
 133:drivers/STM32F1xx_HAL_Driver/Src/stm32f1xx_hal_spi_ex.c ****   }
 134:drivers/STM32F1xx_HAL_Driver/Src/stm32f1xx_hal_spi_ex.c ****   
 135:drivers/STM32F1xx_HAL_Driver/Src/stm32f1xx_hal_spi_ex.c ****   hspi->State = HAL_SPI_STATE_BUSY;
  51              		.loc 1 135 0
  52 0010 0226     		movs	r6, #2
 136:drivers/STM32F1xx_HAL_Driver/Src/stm32f1xx_hal_spi_ex.c **** 
 137:drivers/STM32F1xx_HAL_Driver/Src/stm32f1xx_hal_spi_ex.c ****   /* Disble the selected SPI peripheral */
 138:drivers/STM32F1xx_HAL_Driver/Src/stm32f1xx_hal_spi_ex.c ****   __HAL_SPI_DISABLE(hspi);
 139:drivers/STM32F1xx_HAL_Driver/Src/stm32f1xx_hal_spi_ex.c **** 
 140:drivers/STM32F1xx_HAL_Driver/Src/stm32f1xx_hal_spi_ex.c ****   /*----------------------- SPIx CR1 & CR2 Configuration ---------------------*/
 141:drivers/STM32F1xx_HAL_Driver/Src/stm32f1xx_hal_spi_ex.c ****   /* Configure : SPI Mode, Communication Mode, Data size, Clock polarity and phase, NSS management,
 142:drivers/STM32F1xx_HAL_Driver/Src/stm32f1xx_hal_spi_ex.c ****   Communication speed, First bit and CRC calculation state */
 143:drivers/STM32F1xx_HAL_Driver/Src/stm32f1xx_hal_spi_ex.c ****   WRITE_REG(hspi->Instance->CR1, (hspi->Init.Mode | hspi->Init.Direction | hspi->Init.DataSize |
 144:drivers/STM32F1xx_HAL_Driver/Src/stm32f1xx_hal_spi_ex.c ****                                   hspi->Init.CLKPolarity | hspi->Init.CLKPhase | (hspi->Init.NSS & 
 145:drivers/STM32F1xx_HAL_Driver/Src/stm32f1xx_hal_spi_ex.c ****                                   hspi->Init.BaudRatePrescaler | hspi->Init.FirstBit  | hspi->Init.
 146:drivers/STM32F1xx_HAL_Driver/Src/stm32f1xx_hal_spi_ex.c **** 
 147:drivers/STM32F1xx_HAL_Driver/Src/stm32f1xx_hal_spi_ex.c ****   /* Configure : NSS management */
 148:drivers/STM32F1xx_HAL_Driver/Src/stm32f1xx_hal_spi_ex.c ****   WRITE_REG(hspi->Instance->CR2, (((hspi->Init.NSS >> 16U) & SPI_CR2_SSOE) | hspi->Init.TIMode));
 149:drivers/STM32F1xx_HAL_Driver/Src/stm32f1xx_hal_spi_ex.c **** 
 150:drivers/STM32F1xx_HAL_Driver/Src/stm32f1xx_hal_spi_ex.c ****   /*---------------------------- SPIx CRCPOLY Configuration ------------------*/
 151:drivers/STM32F1xx_HAL_Driver/Src/stm32f1xx_hal_spi_ex.c ****   /* Configure : CRC Polynomial */
 152:drivers/STM32F1xx_HAL_Driver/Src/stm32f1xx_hal_spi_ex.c ****   WRITE_REG(hspi->Instance->CRCPR, hspi->Init.CRCPolynomial);
 153:drivers/STM32F1xx_HAL_Driver/Src/stm32f1xx_hal_spi_ex.c **** 
 154:drivers/STM32F1xx_HAL_Driver/Src/stm32f1xx_hal_spi_ex.c **** #if defined(SPI_I2SCFGR_I2SMOD)
 155:drivers/STM32F1xx_HAL_Driver/Src/stm32f1xx_hal_spi_ex.c ****   /* Activate the SPI mode (Make sure that I2SMOD bit in I2SCFGR register is reset) */
 156:drivers/STM32F1xx_HAL_Driver/Src/stm32f1xx_hal_spi_ex.c ****   CLEAR_BIT(hspi->Instance->I2SCFGR, SPI_I2SCFGR_I2SMOD);
 157:drivers/STM32F1xx_HAL_Driver/Src/stm32f1xx_hal_spi_ex.c **** #endif /* SPI_I2SCFGR_I2SMOD */
 158:drivers/STM32F1xx_HAL_Driver/Src/stm32f1xx_hal_spi_ex.c **** 
 159:drivers/STM32F1xx_HAL_Driver/Src/stm32f1xx_hal_spi_ex.c **** #if (USE_SPI_CRC != 0U)
 160:drivers/STM32F1xx_HAL_Driver/Src/stm32f1xx_hal_spi_ex.c **** #if defined (STM32F101xE) || defined (STM32F103xE)
 161:drivers/STM32F1xx_HAL_Driver/Src/stm32f1xx_hal_spi_ex.c ****   /* Check RevisionID value for identifying if Device is Rev Z (0x0001) in order to enable workarou
 162:drivers/STM32F1xx_HAL_Driver/Src/stm32f1xx_hal_spi_ex.c ****      CRC errors wrongly detected */
 163:drivers/STM32F1xx_HAL_Driver/Src/stm32f1xx_hal_spi_ex.c ****   /* Pb is that ES_STM32F10xxCDE also identify an issue in Debug registers access while not in Debu
 164:drivers/STM32F1xx_HAL_Driver/Src/stm32f1xx_hal_spi_ex.c ****      Revision ID information is only available in Debug mode, so Workaround could not be implemente
 165:drivers/STM32F1xx_HAL_Driver/Src/stm32f1xx_hal_spi_ex.c ****      to distinguish Rev Z devices (issue present) from more recent version (issue fixed).
 166:drivers/STM32F1xx_HAL_Driver/Src/stm32f1xx_hal_spi_ex.c ****      So, in case of Revison Z F101 or F103 devices, below variable should be assigned to 1 */
 167:drivers/STM32F1xx_HAL_Driver/Src/stm32f1xx_hal_spi_ex.c ****   uCRCErrorWorkaroundCheck = 0U;
 168:drivers/STM32F1xx_HAL_Driver/Src/stm32f1xx_hal_spi_ex.c **** #else
 169:drivers/STM32F1xx_HAL_Driver/Src/stm32f1xx_hal_spi_ex.c ****   uCRCErrorWorkaroundCheck = 0U;
  53              		.loc 1 169 0
  54 0012 0020     		movs	r0, #0
 170:drivers/STM32F1xx_HAL_Driver/Src/stm32f1xx_hal_spi_ex.c **** #endif /* STM32F101xE || STM32F103xE */
 171:drivers/STM32F1xx_HAL_Driver/Src/stm32f1xx_hal_spi_ex.c **** #endif /* USE_SPI_CRC */
 172:drivers/STM32F1xx_HAL_Driver/Src/stm32f1xx_hal_spi_ex.c **** 
 173:drivers/STM32F1xx_HAL_Driver/Src/stm32f1xx_hal_spi_ex.c ****   hspi->ErrorCode = HAL_SPI_ERROR_NONE;
 174:drivers/STM32F1xx_HAL_Driver/Src/stm32f1xx_hal_spi_ex.c ****   hspi->State = HAL_SPI_STATE_READY;
ARM GAS  /tmp/ccff01Nw.s 			page 5


  55              		.loc 1 174 0
  56 0014 0121     		movs	r1, #1
 143:drivers/STM32F1xx_HAL_Driver/Src/stm32f1xx_hal_spi_ex.c ****                                   hspi->Init.CLKPolarity | hspi->Init.CLKPhase | (hspi->Init.NSS & 
  57              		.loc 1 143 0
  58 0016 A268     		ldr	r2, [r4, #8]
  59 0018 6368     		ldr	r3, [r4, #4]
  60 001a E568     		ldr	r5, [r4, #12]
  61 001c 1343     		orrs	r3, r3, r2
  62 001e 2269     		ldr	r2, [r4, #16]
  63 0020 2B43     		orrs	r3, r3, r5
  64 0022 6569     		ldr	r5, [r4, #20]
  65 0024 1343     		orrs	r3, r3, r2
  66 0026 E269     		ldr	r2, [r4, #28]
  67 0028 2B43     		orrs	r3, r3, r5
  68 002a 256A     		ldr	r5, [r4, #32]
 135:drivers/STM32F1xx_HAL_Driver/Src/stm32f1xx_hal_spi_ex.c **** 
  69              		.loc 1 135 0
  70 002c 84F85160 		strb	r6, [r4, #81]
 143:drivers/STM32F1xx_HAL_Driver/Src/stm32f1xx_hal_spi_ex.c ****                                   hspi->Init.CLKPolarity | hspi->Init.CLKPhase | (hspi->Init.NSS & 
  71              		.loc 1 143 0
  72 0030 A769     		ldr	r7, [r4, #24]
  73 0032 A66A     		ldr	r6, [r4, #40]
  74 0034 1343     		orrs	r3, r3, r2
  75 0036 2B43     		orrs	r3, r3, r5
 138:drivers/STM32F1xx_HAL_Driver/Src/stm32f1xx_hal_spi_ex.c **** 
  76              		.loc 1 138 0
  77 0038 2268     		ldr	r2, [r4]
 148:drivers/STM32F1xx_HAL_Driver/Src/stm32f1xx_hal_spi_ex.c **** 
  78              		.loc 1 148 0
  79 003a 3D0C     		lsrs	r5, r7, #16
 143:drivers/STM32F1xx_HAL_Driver/Src/stm32f1xx_hal_spi_ex.c ****                                   hspi->Init.CLKPolarity | hspi->Init.CLKPhase | (hspi->Init.NSS & 
  80              		.loc 1 143 0
  81 003c 3343     		orrs	r3, r3, r6
  82 003e 07F40077 		and	r7, r7, #512
  83 0042 3B43     		orrs	r3, r3, r7
 148:drivers/STM32F1xx_HAL_Driver/Src/stm32f1xx_hal_spi_ex.c **** 
  84              		.loc 1 148 0
  85 0044 676A     		ldr	r7, [r4, #36]
 138:drivers/STM32F1xx_HAL_Driver/Src/stm32f1xx_hal_spi_ex.c **** 
  86              		.loc 1 138 0
  87 0046 1668     		ldr	r6, [r2]
 148:drivers/STM32F1xx_HAL_Driver/Src/stm32f1xx_hal_spi_ex.c **** 
  88              		.loc 1 148 0
  89 0048 05F00405 		and	r5, r5, #4
  90 004c 3D43     		orrs	r5, r5, r7
 152:drivers/STM32F1xx_HAL_Driver/Src/stm32f1xx_hal_spi_ex.c **** 
  91              		.loc 1 152 0
  92 004e E76A     		ldr	r7, [r4, #44]
 138:drivers/STM32F1xx_HAL_Driver/Src/stm32f1xx_hal_spi_ex.c **** 
  93              		.loc 1 138 0
  94 0050 26F04006 		bic	r6, r6, #64
  95 0054 1660     		str	r6, [r2]
 143:drivers/STM32F1xx_HAL_Driver/Src/stm32f1xx_hal_spi_ex.c ****                                   hspi->Init.CLKPolarity | hspi->Init.CLKPhase | (hspi->Init.NSS & 
  96              		.loc 1 143 0
  97 0056 1360     		str	r3, [r2]
 148:drivers/STM32F1xx_HAL_Driver/Src/stm32f1xx_hal_spi_ex.c **** 
  98              		.loc 1 148 0
ARM GAS  /tmp/ccff01Nw.s 			page 6


  99 0058 5560     		str	r5, [r2, #4]
 152:drivers/STM32F1xx_HAL_Driver/Src/stm32f1xx_hal_spi_ex.c **** 
 100              		.loc 1 152 0
 101 005a 1761     		str	r7, [r2, #16]
 156:drivers/STM32F1xx_HAL_Driver/Src/stm32f1xx_hal_spi_ex.c **** #endif /* SPI_I2SCFGR_I2SMOD */
 102              		.loc 1 156 0
 103 005c D369     		ldr	r3, [r2, #28]
 169:drivers/STM32F1xx_HAL_Driver/Src/stm32f1xx_hal_spi_ex.c **** #endif /* STM32F101xE || STM32F103xE */
 104              		.loc 1 169 0
 105 005e 074D     		ldr	r5, .L11
 156:drivers/STM32F1xx_HAL_Driver/Src/stm32f1xx_hal_spi_ex.c **** #endif /* SPI_I2SCFGR_I2SMOD */
 106              		.loc 1 156 0
 107 0060 23F40063 		bic	r3, r3, #2048
 169:drivers/STM32F1xx_HAL_Driver/Src/stm32f1xx_hal_spi_ex.c **** #endif /* STM32F101xE || STM32F103xE */
 108              		.loc 1 169 0
 109 0064 2870     		strb	r0, [r5]
 156:drivers/STM32F1xx_HAL_Driver/Src/stm32f1xx_hal_spi_ex.c **** #endif /* SPI_I2SCFGR_I2SMOD */
 110              		.loc 1 156 0
 111 0066 D361     		str	r3, [r2, #28]
 173:drivers/STM32F1xx_HAL_Driver/Src/stm32f1xx_hal_spi_ex.c ****   hspi->State = HAL_SPI_STATE_READY;
 112              		.loc 1 173 0
 113 0068 6065     		str	r0, [r4, #84]
 114              		.loc 1 174 0
 115 006a 84F85110 		strb	r1, [r4, #81]
 175:drivers/STM32F1xx_HAL_Driver/Src/stm32f1xx_hal_spi_ex.c ****   
 176:drivers/STM32F1xx_HAL_Driver/Src/stm32f1xx_hal_spi_ex.c ****   return HAL_OK;
 116              		.loc 1 176 0
 117 006e F8BD     		pop	{r3, r4, r5, r6, r7, pc}
 118              	.LVL2:
 119              	.L10:
 132:drivers/STM32F1xx_HAL_Driver/Src/stm32f1xx_hal_spi_ex.c ****   }
 120              		.loc 1 132 0
 121 0070 FFF7FEFF 		bl	HAL_SPI_MspInit
 122              	.LVL3:
 123 0074 CCE7     		b	.L3
 124              	.LVL4:
 125              	.L4:
 126              		.cfi_def_cfa_offset 0
 127              		.cfi_restore 3
 128              		.cfi_restore 4
 129              		.cfi_restore 5
 130              		.cfi_restore 6
 131              		.cfi_restore 7
 132              		.cfi_restore 14
 105:drivers/STM32F1xx_HAL_Driver/Src/stm32f1xx_hal_spi_ex.c ****   }
 133              		.loc 1 105 0
 134 0076 0120     		movs	r0, #1
 135              	.LVL5:
 136 0078 7047     		bx	lr
 137              	.L12:
 138 007a 00BF     		.align	2
 139              	.L11:
 140 007c 00000000 		.word	.LANCHOR0
 141              		.cfi_endproc
 142              	.LFE64:
 144              		.section	.text.SPI_ISCRCErrorValid,"ax",%progbits
 145              		.align	1
ARM GAS  /tmp/ccff01Nw.s 			page 7


 146              		.p2align 2,,3
 147              		.global	SPI_ISCRCErrorValid
 148              		.syntax unified
 149              		.thumb
 150              		.thumb_func
 151              		.fpu softvfp
 153              	SPI_ISCRCErrorValid:
 154              	.LFB65:
 177:drivers/STM32F1xx_HAL_Driver/Src/stm32f1xx_hal_spi_ex.c **** }
 178:drivers/STM32F1xx_HAL_Driver/Src/stm32f1xx_hal_spi_ex.c **** 
 179:drivers/STM32F1xx_HAL_Driver/Src/stm32f1xx_hal_spi_ex.c **** /**
 180:drivers/STM32F1xx_HAL_Driver/Src/stm32f1xx_hal_spi_ex.c ****   * @}
 181:drivers/STM32F1xx_HAL_Driver/Src/stm32f1xx_hal_spi_ex.c ****   */
 182:drivers/STM32F1xx_HAL_Driver/Src/stm32f1xx_hal_spi_ex.c **** 
 183:drivers/STM32F1xx_HAL_Driver/Src/stm32f1xx_hal_spi_ex.c **** /**
 184:drivers/STM32F1xx_HAL_Driver/Src/stm32f1xx_hal_spi_ex.c ****   * @}
 185:drivers/STM32F1xx_HAL_Driver/Src/stm32f1xx_hal_spi_ex.c ****   */
 186:drivers/STM32F1xx_HAL_Driver/Src/stm32f1xx_hal_spi_ex.c **** 
 187:drivers/STM32F1xx_HAL_Driver/Src/stm32f1xx_hal_spi_ex.c **** /** @addtogroup SPI_Private_Functions
 188:drivers/STM32F1xx_HAL_Driver/Src/stm32f1xx_hal_spi_ex.c ****   * @{
 189:drivers/STM32F1xx_HAL_Driver/Src/stm32f1xx_hal_spi_ex.c ****   */
 190:drivers/STM32F1xx_HAL_Driver/Src/stm32f1xx_hal_spi_ex.c **** #if (USE_SPI_CRC != 0U)
 191:drivers/STM32F1xx_HAL_Driver/Src/stm32f1xx_hal_spi_ex.c **** /**
 192:drivers/STM32F1xx_HAL_Driver/Src/stm32f1xx_hal_spi_ex.c ****   * @brief  Checks if encountered CRC error could be corresponding to wrongly detected errors 
 193:drivers/STM32F1xx_HAL_Driver/Src/stm32f1xx_hal_spi_ex.c ****   *         according to SPI instance, Device type, and revision ID.
 194:drivers/STM32F1xx_HAL_Driver/Src/stm32f1xx_hal_spi_ex.c ****   * @param  hspi: pointer to a SPI_HandleTypeDef structure that contains
 195:drivers/STM32F1xx_HAL_Driver/Src/stm32f1xx_hal_spi_ex.c ****   *               the configuration information for SPI module.
 196:drivers/STM32F1xx_HAL_Driver/Src/stm32f1xx_hal_spi_ex.c ****   * @retval CRC error validity (SPI_INVALID_CRC_ERROR or SPI_VALID_CRC_ERROR).  
 197:drivers/STM32F1xx_HAL_Driver/Src/stm32f1xx_hal_spi_ex.c **** */
 198:drivers/STM32F1xx_HAL_Driver/Src/stm32f1xx_hal_spi_ex.c **** uint8_t SPI_ISCRCErrorValid(SPI_HandleTypeDef *hspi)
 199:drivers/STM32F1xx_HAL_Driver/Src/stm32f1xx_hal_spi_ex.c **** {
 155              		.loc 1 199 0
 156              		.cfi_startproc
 157              		@ args = 0, pretend = 0, frame = 0
 158              		@ frame_needed = 0, uses_anonymous_args = 0
 159              		@ link register save eliminated.
 160              	.LVL6:
 200:drivers/STM32F1xx_HAL_Driver/Src/stm32f1xx_hal_spi_ex.c **** #if defined(STM32F101xE) || defined(STM32F103xE)
 201:drivers/STM32F1xx_HAL_Driver/Src/stm32f1xx_hal_spi_ex.c ****   /* Check how to handle this CRC error (workaround to be applied or not) */
 202:drivers/STM32F1xx_HAL_Driver/Src/stm32f1xx_hal_spi_ex.c ****   /* If CRC errors could be wrongly detected (issue 2.15.2 in STM32F10xxC/D/E silicon limitations E
 203:drivers/STM32F1xx_HAL_Driver/Src/stm32f1xx_hal_spi_ex.c ****   if((uCRCErrorWorkaroundCheck != 0U) && (hspi->Instance == SPI2))
 204:drivers/STM32F1xx_HAL_Driver/Src/stm32f1xx_hal_spi_ex.c ****   {
 205:drivers/STM32F1xx_HAL_Driver/Src/stm32f1xx_hal_spi_ex.c ****     if(hspi->Instance->RXCRCR == 0U)
 206:drivers/STM32F1xx_HAL_Driver/Src/stm32f1xx_hal_spi_ex.c ****     {
 207:drivers/STM32F1xx_HAL_Driver/Src/stm32f1xx_hal_spi_ex.c ****       return (SPI_INVALID_CRC_ERROR);
 208:drivers/STM32F1xx_HAL_Driver/Src/stm32f1xx_hal_spi_ex.c ****     }
 209:drivers/STM32F1xx_HAL_Driver/Src/stm32f1xx_hal_spi_ex.c ****   }
 210:drivers/STM32F1xx_HAL_Driver/Src/stm32f1xx_hal_spi_ex.c ****   return (SPI_VALID_CRC_ERROR);
 211:drivers/STM32F1xx_HAL_Driver/Src/stm32f1xx_hal_spi_ex.c **** #else
 212:drivers/STM32F1xx_HAL_Driver/Src/stm32f1xx_hal_spi_ex.c ****   /* Prevent unused argument(s) compilation warning */
 213:drivers/STM32F1xx_HAL_Driver/Src/stm32f1xx_hal_spi_ex.c ****   UNUSED(hspi);
 214:drivers/STM32F1xx_HAL_Driver/Src/stm32f1xx_hal_spi_ex.c **** 
 215:drivers/STM32F1xx_HAL_Driver/Src/stm32f1xx_hal_spi_ex.c ****   return (SPI_VALID_CRC_ERROR);
 216:drivers/STM32F1xx_HAL_Driver/Src/stm32f1xx_hal_spi_ex.c **** #endif
 217:drivers/STM32F1xx_HAL_Driver/Src/stm32f1xx_hal_spi_ex.c **** }
 161              		.loc 1 217 0
 162 0000 0120     		movs	r0, #1
ARM GAS  /tmp/ccff01Nw.s 			page 8


 163              	.LVL7:
 164 0002 7047     		bx	lr
 165              		.cfi_endproc
 166              	.LFE65:
 168              		.global	uCRCErrorWorkaroundCheck
 169              		.section	.bss.uCRCErrorWorkaroundCheck,"aw",%nobits
 170              		.set	.LANCHOR0,. + 0
 173              	uCRCErrorWorkaroundCheck:
 174 0000 00       		.space	1
 175              		.text
 176              	.Letext0:
 177              		.file 2 "/home/vdykyy/Install/STM-32/gcc-arm-none-eabi-6-2017-q2-update/lib/gcc/arm-none-eabi/6.3.
 178              		.file 3 "drivers/CMSIS/Include/core_cm3.h"
 179              		.file 4 "drivers/CMSIS/Device/ST/STM32F1xx/Include/system_stm32f1xx.h"
 180              		.file 5 "drivers/CMSIS/Device/ST/STM32F1xx/Include/stm32f103xb.h"
 181              		.file 6 "/home/vdykyy/Install/STM-32/gcc-arm-none-eabi-6-2017-q2-update/arm-none-eabi/include/sys/
 182              		.file 7 "/home/vdykyy/Install/STM-32/gcc-arm-none-eabi-6-2017-q2-update/arm-none-eabi/include/sys/
 183              		.file 8 "/home/vdykyy/Install/STM-32/gcc-arm-none-eabi-6-2017-q2-update/lib/gcc/arm-none-eabi/6.3.
 184              		.file 9 "/home/vdykyy/Install/STM-32/gcc-arm-none-eabi-6-2017-q2-update/arm-none-eabi/include/sys/
 185              		.file 10 "drivers/STM32F1xx_HAL_Driver/Inc/stm32f1xx_hal_def.h"
 186              		.file 11 "drivers/STM32F1xx_HAL_Driver/Inc/stm32f1xx_hal_dma.h"
 187              		.file 12 "drivers/STM32F1xx_HAL_Driver/Inc/stm32f1xx_hal_spi.h"
ARM GAS  /tmp/ccff01Nw.s 			page 9


DEFINED SYMBOLS
                            *ABS*:0000000000000000 stm32f1xx_hal_spi_ex.c
     /tmp/ccff01Nw.s:16     .text.HAL_SPI_Init:0000000000000000 $t
     /tmp/ccff01Nw.s:24     .text.HAL_SPI_Init:0000000000000000 HAL_SPI_Init
     /tmp/ccff01Nw.s:140    .text.HAL_SPI_Init:000000000000007c $d
     /tmp/ccff01Nw.s:145    .text.SPI_ISCRCErrorValid:0000000000000000 $t
     /tmp/ccff01Nw.s:153    .text.SPI_ISCRCErrorValid:0000000000000000 SPI_ISCRCErrorValid
     /tmp/ccff01Nw.s:173    .bss.uCRCErrorWorkaroundCheck:0000000000000000 uCRCErrorWorkaroundCheck
     /tmp/ccff01Nw.s:174    .bss.uCRCErrorWorkaroundCheck:0000000000000000 $d
                     .debug_frame:0000000000000010 $d
                           .group:0000000000000000 wm4.0.04924adcfdc7a6cf00118bdef9d1ce8d
                           .group:0000000000000000 wm4.main.h.40.6fe808b6568aa38f66585b648d7167ef
                           .group:0000000000000000 wm4.stm32f1xx_hal_conf.h.52.96cb61986c8bfeb3a4fa629a7a7441f6
                           .group:0000000000000000 wm4.stm32f1xx.h.57.c2a10934f4c6830aeb7e4997f02806f1
                           .group:0000000000000000 wm4.stm32f103xb.h.56.66305a77cea9d5300aac997a78930076
                           .group:0000000000000000 wm4.stdintgcc.h.29.6d480f4ba0f60596e88234283d42444f
                           .group:0000000000000000 wm4.core_cm3.h.74.7d5fecd6d4522d755d10a23d1542f805
                           .group:0000000000000000 wm4.cmsis_gcc.h.36.67d2dcde6a14ff518eedc1d545d89a76
                           .group:0000000000000000 wm4.core_cm3.h.175.a6c441adf1a05ce96eea3cf78e6687ab
                           .group:0000000000000000 wm4.stm32f103xb.h.619.382b3c85cac6f0350ee5bfaff32e1ebc
                           .group:0000000000000000 wm4.stm32f1xx.h.180.c0013e6ebd6ad07f67c298190b8eac92
                           .group:0000000000000000 wm4._newlib_version.h.4.3572908597b70d672d181fc7fc501c19
                           .group:0000000000000000 wm4.newlib.h.21.59901f4bf241ab46c63694665baa7297
                           .group:0000000000000000 wm4.features.h.22.5cdadbb3efe495d1c9e38350b8c376c7
                           .group:0000000000000000 wm4.config.h.219.65a553ab5bef5482f0d7880b0d33015e
                           .group:0000000000000000 wm4._ansi.h.23.9f8fcfa20193763fcf364fb91705c94b
                           .group:0000000000000000 wm4.stdio.h.31.7c0e28c411445f3f9c5b11accf882760
                           .group:0000000000000000 wm4._default_types.h.6.959254cf5f09734ea7516c89e8bb21bd
                           .group:0000000000000000 wm4.stddef.h.187.2ff233552538c6ff9b8575ca8ea52cb3
                           .group:0000000000000000 wm4.cdefs.h.47.e658329a094974ebad41b40c60502de7
                           .group:0000000000000000 wm4.stddef.h.39.ec95e8feac892e292b69dc7ae75b0d64
                           .group:0000000000000000 wm4.stdarg.h.34.3a23a216c0c293b3d2ea2e89281481e6
                           .group:0000000000000000 wm4.lock.h.2.1461d1fff82dffe8bfddc23307f6484f
                           .group:0000000000000000 wm4._types.h.125.5cf8a495f1f7ef36777ad868a1e32068
                           .group:0000000000000000 wm4.stddef.h.161.5349cb105733e8777bfb0cf53c4e3f34
                           .group:0000000000000000 wm4._types.h.183.c226d164ceca1f2ecb9ae9360c54a098
                           .group:0000000000000000 wm4.reent.h.17.23b059516345f8f5abfa01ddc379570f
                           .group:0000000000000000 wm4.types.h.40.e8c16e7ec36ba55f133d0616070e25fc
                           .group:0000000000000000 wm4._stdint.h.10.c24fa3af3bc1706662bb5593a907e841
                           .group:0000000000000000 wm4._endian.h.31.65a10590763c3dde1ac4a7f66d7d4891
                           .group:0000000000000000 wm4.endian.h.9.49f3a4695c1b61e8a0808de3c4a106cb
                           .group:0000000000000000 wm4._timeval.h.30.0e8bfd94e85db17dda3286ee81496fe6
                           .group:0000000000000000 wm4.timespec.h.41.d855182eb0e690443ab8651bcedca6e1
                           .group:0000000000000000 wm4.select.h.30.bbece7fa40993a78092dcc5805132560
                           .group:0000000000000000 wm4.types.h.69.ed3eae3cf73030a737515151ebcab7a1
                           .group:0000000000000000 wm4.stdio.h.2.4aa87247282eca6c8f36f9de33d8df1a
                           .group:0000000000000000 wm4.stdio.h.81.8188691c2279eac7a223caa50f6694b9
                           .group:0000000000000000 wm4.stm32f1xx_hal_def.h.77.f54bfbbe3e3696aae97b05a3f338caf7
                           .group:0000000000000000 wm4.stm32f1xx_hal_rcc.h.112.09261d6ad0eef5abae6b9147d0cf5cbf
                           .group:0000000000000000 wm4.stm32f1xx_hal_rcc_ex.h.40.bb785d717afc4d2d2b63a3608cb5a0c5
                           .group:0000000000000000 wm4.stm32f1xx_hal_rcc.h.1219.902328474751456408f7d18f6caace93
                           .group:0000000000000000 wm4.stm32f1xx_hal_gpio.h.40.f1cf5d2dd589e1675a9fcd6b008c2bb6
                           .group:0000000000000000 wm4.stm32f1xx_hal_gpio_ex.h.40.30d74584c89dcd3d86d10bdbbb06cc31
                           .group:0000000000000000 wm4.stm32f1xx_hal_gpio.h.281.b26a95114b989e6edaf48d72c8710b9d
                           .group:0000000000000000 wm4.stm32f1xx_hal_dma.h.40.b1d5b41c58b583c31c61335e4c8e1bdd
                           .group:0000000000000000 wm4.stm32f1xx_hal_dma_ex.h.40.7ac05bbf95f5a25a3f4a9b9c2a14f835
                           .group:0000000000000000 wm4.stm32f1xx_hal_dma.h.427.daddf65c60854feb2dc9660a62f55b8c
ARM GAS  /tmp/ccff01Nw.s 			page 10


                           .group:0000000000000000 wm4.stm32f1xx_hal_cortex.h.40.4f649a8bf316b7aa5d02077abd9b8999
                           .group:0000000000000000 wm4.stm32f1xx_hal_adc.h.40.3ad40e622f0cef64228eb182e4bbe00f
                           .group:0000000000000000 wm4.stm32f1xx_hal_adc_ex.h.40.3118796521817cc82626257e9c7ab79c
                           .group:0000000000000000 wm4.stm32f1xx_hal_flash.h.40.12aaef98e1fbb85e3a8f79f98532d04a
                           .group:0000000000000000 wm4.stm32f1xx_hal_flash_ex.h.40.ad66c77e153bc5a4a1d60e46727f4ae5
                           .group:0000000000000000 wm4.stm32f1xx_hal_pwr.h.40.ecccf9071314b0ab3f6ffcfd7c596e95
                           .group:0000000000000000 wm4.stm32f1xx_hal_spi.h.40.5dd367ee94b0bb430a3842862fe7d7da
                           .group:0000000000000000 wm4.stm32f1xx_hal_tim.h.40.ac3feb225ff72b119eeddfe8acac07a3
                           .group:0000000000000000 wm4.stm32f1xx_hal_tim_ex.h.40.9b926a51c24898708ad2e47fd5ff9d32
                           .group:0000000000000000 wm4.stm32f1xx_hal_uart.h.40.9914ca79b81d8b23b4e5425c156b0acd
                           .group:0000000000000000 wm4.stm32f1xx_hal.h.82.f2fd9c01c6f8c9e676a37d84eb9dc553

UNDEFINED SYMBOLS
HAL_SPI_MspInit
